2019-05-06 00:01:53,133 [20812] INFO  BusinessInfoSpider.Utility.AppLog [(null)] - 中国政府采购网:检测到264个待抓取页面，处理线程数:4
2019-05-06 00:01:53,172 [20812] INFO  BusinessInfoSpider.Utility.AppLog [(null)] - 中国政府采购网:已启动第0个线程开始处理
2019-05-06 00:01:58,370 [5836] INFO  BusinessInfoSpider.Utility.AppLog [(null)] - 1/264已处理完成，成功:1，失败:0
2019-05-06 00:02:03,173 [20812] INFO  BusinessInfoSpider.Utility.AppLog [(null)] - 中国政府采购网:已启动第1个线程开始处理
2019-05-06 00:02:04,677 [5836] INFO  BusinessInfoSpider.Utility.AppLog [(null)] - 2/264已处理完成，成功:2，失败:0
2019-05-06 00:02:11,793 [5836] INFO  BusinessInfoSpider.Utility.AppLog [(null)] - 3/264已处理完成，成功:3，失败:0
2019-05-06 00:02:11,850 [22388] INFO  BusinessInfoSpider.Utility.AppLog [(null)] - 4/264已处理完成，成功:4，失败:0
2019-05-06 00:02:13,175 [20812] INFO  BusinessInfoSpider.Utility.AppLog [(null)] - 中国政府采购网:已启动第2个线程开始处理
2019-05-06 00:02:22,125 [16924] INFO  BusinessInfoSpider.Utility.AppLog [(null)] - 5/264已处理完成，成功:5，失败:0
2019-05-06 00:02:23,177 [20812] INFO  BusinessInfoSpider.Utility.AppLog [(null)] - 中国政府采购网:已启动第3个线程开始处理
2019-05-06 00:02:23,251 [22388] INFO  BusinessInfoSpider.Utility.AppLog [(null)] - 6/264已处理完成，成功:6，失败:0
2019-05-06 00:02:25,289 [5836] INFO  BusinessInfoSpider.Utility.AppLog [(null)] - 处理失败http://search.ccgp.gov.cn/bxsearch?searchtype=1&page_index=4&bidSort=0&buyerName=&projectId=&pinMu=0&bidType=1&dbselect=bidx&kw=&start_time=2019:05:06&end_time=2019:04:29&timeType=6&displayZone=&zoneId=&pppStatus=0&agentName=:Data too long for column 'Money' at row 1
2019-05-06 00:02:25,289 [5836] INFO  BusinessInfoSpider.Utility.AppLog [(null)] - 7/264已处理完成，成功:6，失败:1
2019-05-06 00:02:38,749 [12504] INFO  BusinessInfoSpider.Utility.AppLog [(null)] - 8/264已处理完成，成功:7，失败:1
2019-05-06 00:02:39,248 [5836] INFO  BusinessInfoSpider.Utility.AppLog [(null)] - 9/264已处理完成，成功:8，失败:1
2019-05-06 00:02:44,690 [22388] INFO  BusinessInfoSpider.Utility.AppLog [(null)] - 10/264已处理完成，成功:9，失败:1
2019-05-06 00:02:45,050 [16924] INFO  BusinessInfoSpider.Utility.AppLog [(null)] - 11/264已处理完成，成功:10，失败:1
2019-05-06 00:03:02,841 [5836] INFO  BusinessInfoSpider.Utility.AppLog [(null)] - 12/264已处理完成，成功:11，失败:1
2019-05-06 00:03:04,098 [12504] INFO  BusinessInfoSpider.Utility.AppLog [(null)] - 13/264已处理完成，成功:12，失败:1
2019-05-06 00:03:04,523 [22388] INFO  BusinessInfoSpider.Utility.AppLog [(null)] - 14/264已处理完成，成功:13，失败:1
2019-05-06 00:03:05,077 [16924] INFO  BusinessInfoSpider.Utility.AppLog [(null)] - 15/264已处理完成，成功:14，失败:1
2019-05-06 00:03:20,965 [5836] INFO  BusinessInfoSpider.Utility.AppLog [(null)] - 16/264已处理完成，成功:15，失败:1
2019-05-06 00:03:22,471 [16924] INFO  BusinessInfoSpider.Utility.AppLog [(null)] - 17/264已处理完成，成功:16，失败:1
2019-05-06 00:03:24,773 [22388] INFO  BusinessInfoSpider.Utility.AppLog [(null)] - 18/264已处理完成，成功:17，失败:1
2019-05-06 00:03:25,660 [12504] INFO  BusinessInfoSpider.Utility.AppLog [(null)] - 19/264已处理完成，成功:18，失败:1
2019-05-06 00:03:38,550 [5836] INFO  BusinessInfoSpider.Utility.AppLog [(null)] - 20/264已处理完成，成功:19，失败:1
2019-05-06 00:03:40,125 [16924] INFO  BusinessInfoSpider.Utility.AppLog [(null)] - 21/264已处理完成，成功:20，失败:1
2019-05-06 00:03:42,216 [22388] INFO  BusinessInfoSpider.Utility.AppLog [(null)] - 22/264已处理完成，成功:21，失败:1
2019-05-06 00:03:42,655 [12504] INFO  BusinessInfoSpider.Utility.AppLog [(null)] - 23/264已处理完成，成功:22，失败:1
2019-05-06 00:03:59,001 [16924] INFO  BusinessInfoSpider.Utility.AppLog [(null)] - 24/264已处理完成，成功:23，失败:1
2019-05-06 00:03:59,288 [5836] INFO  BusinessInfoSpider.Utility.AppLog [(null)] - 25/264已处理完成，成功:24，失败:1
2019-05-06 00:04:01,409 [22388] INFO  BusinessInfoSpider.Utility.AppLog [(null)] - 26/264已处理完成，成功:25，失败:1
2019-05-06 00:04:05,578 [12504] INFO  BusinessInfoSpider.Utility.AppLog [(null)] - 27/264已处理完成，成功:26，失败:1
2019-05-06 00:04:17,645 [5836] INFO  BusinessInfoSpider.Utility.AppLog [(null)] - 28/264已处理完成，成功:27，失败:1
2019-05-06 00:04:18,186 [16924] INFO  BusinessInfoSpider.Utility.AppLog [(null)] - 29/264已处理完成，成功:28，失败:1
2019-05-06 00:04:18,854 [22388] INFO  BusinessInfoSpider.Utility.AppLog [(null)] - 30/264已处理完成，成功:29，失败:1
2019-05-06 00:04:19,759 [16924] INFO  BusinessInfoSpider.Utility.AppLog [(null)] - 处理失败http://search.ccgp.gov.cn/bxsearch?searchtype=1&page_index=140&bidSort=0&buyerName=&projectId=&pinMu=0&bidType=1&dbselect=bidx&kw=&start_time=2019:05:06&end_time=2019:04:29&timeType=6&displayZone=&zoneId=&pppStatus=0&agentName=:远程服务器返回错误: (502) 错误的网关。
2019-05-06 00:04:19,759 [16924] INFO  BusinessInfoSpider.Utility.AppLog [(null)] - 31/264已处理完成，成功:29，失败:2
2019-05-06 00:04:19,879 [12504] INFO  BusinessInfoSpider.Utility.AppLog [(null)] - 处理失败http://search.ccgp.gov.cn/bxsearch?searchtype=1&page_index=204&bidSort=0&buyerName=&projectId=&pinMu=0&bidType=1&dbselect=bidx&kw=&start_time=2019:05:06&end_time=2019:04:29&timeType=6&displayZone=&zoneId=&pppStatus=0&agentName=:远程服务器返回错误: (502) 错误的网关。
2019-05-06 00:04:19,879 [12504] INFO  BusinessInfoSpider.Utility.AppLog [(null)] - 32/264已处理完成，成功:29，失败:3
2019-05-06 00:04:20,561 [22388] INFO  BusinessInfoSpider.Utility.AppLog [(null)] - 处理失败http://search.ccgp.gov.cn/bxsearch?searchtype=1&page_index=75&bidSort=0&buyerName=&projectId=&pinMu=0&bidType=1&dbselect=bidx&kw=&start_time=2019:05:06&end_time=2019:04:29&timeType=6&displayZone=&zoneId=&pppStatus=0&agentName=:远程服务器返回错误: (502) 错误的网关。
2019-05-06 00:04:20,562 [22388] INFO  BusinessInfoSpider.Utility.AppLog [(null)] - 33/264已处理完成，成功:29，失败:4
2019-05-06 00:04:20,747 [12504] INFO  BusinessInfoSpider.Utility.AppLog [(null)] - 处理失败http://search.ccgp.gov.cn/bxsearch?searchtype=1&page_index=205&bidSort=0&buyerName=&projectId=&pinMu=0&bidType=1&dbselect=bidx&kw=&start_time=2019:05:06&end_time=2019:04:29&timeType=6&displayZone=&zoneId=&pppStatus=0&agentName=:远程服务器返回错误: (502) 错误的网关。
2019-05-06 00:04:20,747 [12504] INFO  BusinessInfoSpider.Utility.AppLog [(null)] - 34/264已处理完成，成功:29，失败:5
2019-05-06 00:04:21,146 [22388] INFO  BusinessInfoSpider.Utility.AppLog [(null)] - 处理失败http://search.ccgp.gov.cn/bxsearch?searchtype=1&page_index=76&bidSort=0&buyerName=&projectId=&pinMu=0&bidType=1&dbselect=bidx&kw=&start_time=2019:05:06&end_time=2019:04:29&timeType=6&displayZone=&zoneId=&pppStatus=0&agentName=:远程服务器返回错误: (502) 错误的网关。
2019-05-06 00:04:21,146 [22388] INFO  BusinessInfoSpider.Utility.AppLog [(null)] - 35/264已处理完成，成功:29，失败:6
2019-05-06 00:04:21,440 [12504] INFO  BusinessInfoSpider.Utility.AppLog [(null)] - 处理失败http://search.ccgp.gov.cn/bxsearch?searchtype=1&page_index=206&bidSort=0&buyerName=&projectId=&pinMu=0&bidType=1&dbselect=bidx&kw=&start_time=2019:05:06&end_time=2019:04:29&timeType=6&displayZone=&zoneId=&pppStatus=0&agentName=:远程服务器返回错误: (502) 错误的网关。
2019-05-06 00:04:21,440 [12504] INFO  BusinessInfoSpider.Utility.AppLog [(null)] - 36/264已处理完成，成功:29，失败:7
2019-05-06 00:04:21,668 [5836] INFO  BusinessInfoSpider.Utility.AppLog [(null)] - 处理失败http://search.ccgp.gov.cn/bxsearch?searchtype=1&page_index=11&bidSort=0&buyerName=&projectId=&pinMu=0&bidType=1&dbselect=bidx&kw=&start_time=2019:05:06&end_time=2019:04:29&timeType=6&displayZone=&zoneId=&pppStatus=0&agentName=:远程服务器返回错误: (502) 错误的网关。
2019-05-06 00:04:21,668 [5836] INFO  BusinessInfoSpider.Utility.AppLog [(null)] - 37/264已处理完成，成功:29，失败:8
2019-05-06 00:04:21,861 [22388] INFO  BusinessInfoSpider.Utility.AppLog [(null)] - 处理失败http://search.ccgp.gov.cn/bxsearch?searchtype=1&page_index=77&bidSort=0&buyerName=&projectId=&pinMu=0&bidType=1&dbselect=bidx&kw=&start_time=2019:05:06&end_time=2019:04:29&timeType=6&displayZone=&zoneId=&pppStatus=0&agentName=:远程服务器返回错误: (502) 错误的网关。
2019-05-06 00:04:21,861 [22388] INFO  BusinessInfoSpider.Utility.AppLog [(null)] - 38/264已处理完成，成功:29，失败:9
2019-05-06 00:04:22,056 [12504] INFO  BusinessInfoSpider.Utility.AppLog [(null)] - 处理失败http://search.ccgp.gov.cn/bxsearch?searchtype=1&page_index=207&bidSort=0&buyerName=&projectId=&pinMu=0&bidType=1&dbselect=bidx&kw=&start_time=2019:05:06&end_time=2019:04:29&timeType=6&displayZone=&zoneId=&pppStatus=0&agentName=:远程服务器返回错误: (502) 错误的网关。
2019-05-06 00:04:22,056 [12504] INFO  BusinessInfoSpider.Utility.AppLog [(null)] - 39/264已处理完成，成功:29，失败:10
2019-05-06 00:04:22,317 [5836] INFO  BusinessInfoSpider.Utility.AppLog [(null)] - 处理失败http://search.ccgp.gov.cn/bxsearch?searchtype=1&page_index=12&bidSort=0&buyerName=&projectId=&pinMu=0&bidType=1&dbselect=bidx&kw=&start_time=2019:05:06&end_time=2019:04:29&timeType=6&displayZone=&zoneId=&pppStatus=0&agentName=:远程服务器返回错误: (502) 错误的网关。
2019-05-06 00:04:22,317 [5836] INFO  BusinessInfoSpider.Utility.AppLog [(null)] - 40/264已处理完成，成功:29，失败:11
2019-05-06 00:04:22,584 [12504] INFO  BusinessInfoSpider.Utility.AppLog [(null)] - 处理失败http://search.ccgp.gov.cn/bxsearch?searchtype=1&page_index=208&bidSort=0&buyerName=&projectId=&pinMu=0&bidType=1&dbselect=bidx&kw=&start_time=2019:05:06&end_time=2019:04:29&timeType=6&displayZone=&zoneId=&pppStatus=0&agentName=:远程服务器返回错误: (502) 错误的网关。
2019-05-06 00:04:22,584 [12504] INFO  BusinessInfoSpider.Utility.AppLog [(null)] - 41/264已处理完成，成功:29，失败:12
2019-05-06 00:04:23,018 [5836] INFO  BusinessInfoSpider.Utility.AppLog [(null)] - 处理失败http://search.ccgp.gov.cn/bxsearch?searchtype=1&page_index=13&bidSort=0&buyerName=&projectId=&pinMu=0&bidType=1&dbselect=bidx&kw=&start_time=2019:05:06&end_time=2019:04:29&timeType=6&displayZone=&zoneId=&pppStatus=0&agentName=:远程服务器返回错误: (502) 错误的网关。
2019-05-06 00:04:23,018 [5836] INFO  BusinessInfoSpider.Utility.AppLog [(null)] - 42/264已处理完成，成功:29，失败:13
2019-05-06 00:04:23,163 [12504] INFO  BusinessInfoSpider.Utility.AppLog [(null)] - 处理失败http://search.ccgp.gov.cn/bxsearch?searchtype=1&page_index=209&bidSort=0&buyerName=&projectId=&pinMu=0&bidType=1&dbselect=bidx&kw=&start_time=2019:05:06&end_time=2019:04:29&timeType=6&displayZone=&zoneId=&pppStatus=0&agentName=:远程服务器返回错误: (502) 错误的网关。
2019-05-06 00:04:23,164 [12504] INFO  BusinessInfoSpider.Utility.AppLog [(null)] - 43/264已处理完成，成功:29，失败:14
2019-05-06 00:04:23,646 [5836] INFO  BusinessInfoSpider.Utility.AppLog [(null)] - 处理失败http://search.ccgp.gov.cn/bxsearch?searchtype=1&page_index=14&bidSort=0&buyerName=&projectId=&pinMu=0&bidType=1&dbselect=bidx&kw=&start_time=2019:05:06&end_time=2019:04:29&timeType=6&displayZone=&zoneId=&pppStatus=0&agentName=:远程服务器返回错误: (502) 错误的网关。
2019-05-06 00:04:23,646 [5836] INFO  BusinessInfoSpider.Utility.AppLog [(null)] - 44/264已处理完成，成功:29，失败:15
2019-05-06 00:04:23,935 [12504] INFO  BusinessInfoSpider.Utility.AppLog [(null)] - 处理失败http://search.ccgp.gov.cn/bxsearch?searchtype=1&page_index=210&bidSort=0&buyerName=&projectId=&pinMu=0&bidType=1&dbselect=bidx&kw=&start_time=2019:05:06&end_time=2019:04:29&timeType=6&displayZone=&zoneId=&pppStatus=0&agentName=:远程服务器返回错误: (502) 错误的网关。
2019-05-06 00:04:23,935 [12504] INFO  BusinessInfoSpider.Utility.AppLog [(null)] - 45/264已处理完成，成功:29，失败:16
2019-05-06 00:04:24,134 [16924] INFO  BusinessInfoSpider.Utility.AppLog [(null)] - 处理失败http://search.ccgp.gov.cn/bxsearch?searchtype=1&page_index=141&bidSort=0&buyerName=&projectId=&pinMu=0&bidType=1&dbselect=bidx&kw=&start_time=2019:05:06&end_time=2019:04:29&timeType=6&displayZone=&zoneId=&pppStatus=0&agentName=:远程服务器返回错误: (502) 错误的网关。
2019-05-06 00:04:24,134 [16924] INFO  BusinessInfoSpider.Utility.AppLog [(null)] - 46/264已处理完成，成功:29，失败:17
2019-05-06 00:04:24,455 [22388] INFO  BusinessInfoSpider.Utility.AppLog [(null)] - 处理失败http://search.ccgp.gov.cn/bxsearch?searchtype=1&page_index=78&bidSort=0&buyerName=&projectId=&pinMu=0&bidType=1&dbselect=bidx&kw=&start_time=2019:05:06&end_time=2019:04:29&timeType=6&displayZone=&zoneId=&pppStatus=0&agentName=:远程服务器返回错误: (502) 错误的网关。
2019-05-06 00:04:24,455 [22388] INFO  BusinessInfoSpider.Utility.AppLog [(null)] - 47/264已处理完成，成功:29，失败:18
2019-05-06 00:04:24,674 [16924] INFO  BusinessInfoSpider.Utility.AppLog [(null)] - 处理失败http://search.ccgp.gov.cn/bxsearch?searchtype=1&page_index=142&bidSort=0&buyerName=&projectId=&pinMu=0&bidType=1&dbselect=bidx&kw=&start_time=2019:05:06&end_time=2019:04:29&timeType=6&displayZone=&zoneId=&pppStatus=0&agentName=:远程服务器返回错误: (502) 错误的网关。
2019-05-06 00:04:24,674 [16924] INFO  BusinessInfoSpider.Utility.AppLog [(null)] - 48/264已处理完成，成功:29，失败:19
2019-05-06 00:04:24,996 [22388] INFO  BusinessInfoSpider.Utility.AppLog [(null)] - 处理失败http://search.ccgp.gov.cn/bxsearch?searchtype=1&page_index=79&bidSort=0&buyerName=&projectId=&pinMu=0&bidType=1&dbselect=bidx&kw=&start_time=2019:05:06&end_time=2019:04:29&timeType=6&displayZone=&zoneId=&pppStatus=0&agentName=:远程服务器返回错误: (502) 错误的网关。
2019-05-06 00:04:24,996 [22388] INFO  BusinessInfoSpider.Utility.AppLog [(null)] - 49/264已处理完成，成功:29，失败:20
2019-05-06 00:04:25,369 [16924] INFO  BusinessInfoSpider.Utility.AppLog [(null)] - 处理失败http://search.ccgp.gov.cn/bxsearch?searchtype=1&page_index=143&bidSort=0&buyerName=&projectId=&pinMu=0&bidType=1&dbselect=bidx&kw=&start_time=2019:05:06&end_time=2019:04:29&timeType=6&displayZone=&zoneId=&pppStatus=0&agentName=:远程服务器返回错误: (502) 错误的网关。
2019-05-06 00:04:25,369 [16924] INFO  BusinessInfoSpider.Utility.AppLog [(null)] - 50/264已处理完成，成功:29，失败:21
2019-05-06 00:04:25,530 [22388] INFO  BusinessInfoSpider.Utility.AppLog [(null)] - 处理失败http://search.ccgp.gov.cn/bxsearch?searchtype=1&page_index=80&bidSort=0&buyerName=&projectId=&pinMu=0&bidType=1&dbselect=bidx&kw=&start_time=2019:05:06&end_time=2019:04:29&timeType=6&displayZone=&zoneId=&pppStatus=0&agentName=:远程服务器返回错误: (502) 错误的网关。
2019-05-06 00:04:25,530 [22388] INFO  BusinessInfoSpider.Utility.AppLog [(null)] - 51/264已处理完成，成功:29，失败:22
2019-05-06 00:04:25,770 [12504] INFO  BusinessInfoSpider.Utility.AppLog [(null)] - 处理失败http://search.ccgp.gov.cn/bxsearch?searchtype=1&page_index=211&bidSort=0&buyerName=&projectId=&pinMu=0&bidType=1&dbselect=bidx&kw=&start_time=2019:05:06&end_time=2019:04:29&timeType=6&displayZone=&zoneId=&pppStatus=0&agentName=:远程服务器返回错误: (502) 错误的网关。
2019-05-06 00:04:25,770 [12504] INFO  BusinessInfoSpider.Utility.AppLog [(null)] - 52/264已处理完成，成功:29，失败:23
2019-05-06 00:04:25,975 [16924] INFO  BusinessInfoSpider.Utility.AppLog [(null)] - 处理失败http://search.ccgp.gov.cn/bxsearch?searchtype=1&page_index=144&bidSort=0&buyerName=&projectId=&pinMu=0&bidType=1&dbselect=bidx&kw=&start_time=2019:05:06&end_time=2019:04:29&timeType=6&displayZone=&zoneId=&pppStatus=0&agentName=:远程服务器返回错误: (502) 错误的网关。
2019-05-06 00:04:25,975 [16924] INFO  BusinessInfoSpider.Utility.AppLog [(null)] - 53/264已处理完成，成功:29，失败:24
2019-05-06 00:04:26,493 [12504] INFO  BusinessInfoSpider.Utility.AppLog [(null)] - 处理失败http://search.ccgp.gov.cn/bxsearch?searchtype=1&page_index=212&bidSort=0&buyerName=&projectId=&pinMu=0&bidType=1&dbselect=bidx&kw=&start_time=2019:05:06&end_time=2019:04:29&timeType=6&displayZone=&zoneId=&pppStatus=0&agentName=:远程服务器返回错误: (502) 错误的网关。
2019-05-06 00:04:26,493 [12504] INFO  BusinessInfoSpider.Utility.AppLog [(null)] - 54/264已处理完成，成功:29，失败:25
2019-05-06 00:04:26,711 [16924] INFO  BusinessInfoSpider.Utility.AppLog [(null)] - 处理失败http://search.ccgp.gov.cn/bxsearch?searchtype=1&page_index=145&bidSort=0&buyerName=&projectId=&pinMu=0&bidType=1&dbselect=bidx&kw=&start_time=2019:05:06&end_time=2019:04:29&timeType=6&displayZone=&zoneId=&pppStatus=0&agentName=:远程服务器返回错误: (502) 错误的网关。
2019-05-06 00:04:26,711 [16924] INFO  BusinessInfoSpider.Utility.AppLog [(null)] - 55/264已处理完成，成功:29，失败:26
2019-05-06 00:04:27,049 [12504] INFO  BusinessInfoSpider.Utility.AppLog [(null)] - 处理失败http://search.ccgp.gov.cn/bxsearch?searchtype=1&page_index=213&bidSort=0&buyerName=&projectId=&pinMu=0&bidType=1&dbselect=bidx&kw=&start_time=2019:05:06&end_time=2019:04:29&timeType=6&displayZone=&zoneId=&pppStatus=0&agentName=:远程服务器返回错误: (502) 错误的网关。
2019-05-06 00:04:27,049 [12504] INFO  BusinessInfoSpider.Utility.AppLog [(null)] - 56/264已处理完成，成功:29，失败:27
2019-05-06 00:04:27,278 [16924] INFO  BusinessInfoSpider.Utility.AppLog [(null)] - 处理失败http://search.ccgp.gov.cn/bxsearch?searchtype=1&page_index=146&bidSort=0&buyerName=&projectId=&pinMu=0&bidType=1&dbselect=bidx&kw=&start_time=2019:05:06&end_time=2019:04:29&timeType=6&displayZone=&zoneId=&pppStatus=0&agentName=:远程服务器返回错误: (502) 错误的网关。
2019-05-06 00:04:27,278 [16924] INFO  BusinessInfoSpider.Utility.AppLog [(null)] - 57/264已处理完成，成功:29，失败:28
2019-05-06 00:04:27,622 [12504] INFO  BusinessInfoSpider.Utility.AppLog [(null)] - 处理失败http://search.ccgp.gov.cn/bxsearch?searchtype=1&page_index=214&bidSort=0&buyerName=&projectId=&pinMu=0&bidType=1&dbselect=bidx&kw=&start_time=2019:05:06&end_time=2019:04:29&timeType=6&displayZone=&zoneId=&pppStatus=0&agentName=:远程服务器返回错误: (502) 错误的网关。
2019-05-06 00:04:27,622 [12504] INFO  BusinessInfoSpider.Utility.AppLog [(null)] - 58/264已处理完成，成功:29，失败:29
2019-05-06 00:04:27,860 [22388] INFO  BusinessInfoSpider.Utility.AppLog [(null)] - 处理失败http://search.ccgp.gov.cn/bxsearch?searchtype=1&page_index=81&bidSort=0&buyerName=&projectId=&pinMu=0&bidType=1&dbselect=bidx&kw=&start_time=2019:05:06&end_time=2019:04:29&timeType=6&displayZone=&zoneId=&pppStatus=0&agentName=:远程服务器返回错误: (502) 错误的网关。
2019-05-06 00:04:27,860 [22388] INFO  BusinessInfoSpider.Utility.AppLog [(null)] - 59/264已处理完成，成功:29，失败:30
2019-05-06 00:04:28,174 [12504] INFO  BusinessInfoSpider.Utility.AppLog [(null)] - 处理失败http://search.ccgp.gov.cn/bxsearch?searchtype=1&page_index=215&bidSort=0&buyerName=&projectId=&pinMu=0&bidType=1&dbselect=bidx&kw=&start_time=2019:05:06&end_time=2019:04:29&timeType=6&displayZone=&zoneId=&pppStatus=0&agentName=:远程服务器返回错误: (502) 错误的网关。
2019-05-06 00:04:28,174 [12504] INFO  BusinessInfoSpider.Utility.AppLog [(null)] - 60/264已处理完成，成功:29，失败:31
2019-05-06 00:04:28,385 [5836] INFO  BusinessInfoSpider.Utility.AppLog [(null)] - 处理失败http://search.ccgp.gov.cn/bxsearch?searchtype=1&page_index=15&bidSort=0&buyerName=&projectId=&pinMu=0&bidType=1&dbselect=bidx&kw=&start_time=2019:05:06&end_time=2019:04:29&timeType=6&displayZone=&zoneId=&pppStatus=0&agentName=:远程服务器返回错误: (502) 错误的网关。
2019-05-06 00:04:28,385 [5836] INFO  BusinessInfoSpider.Utility.AppLog [(null)] - 61/264已处理完成，成功:29，失败:32
2019-05-06 00:04:28,626 [16924] INFO  BusinessInfoSpider.Utility.AppLog [(null)] - 处理失败http://search.ccgp.gov.cn/bxsearch?searchtype=1&page_index=147&bidSort=0&buyerName=&projectId=&pinMu=0&bidType=1&dbselect=bidx&kw=&start_time=2019:05:06&end_time=2019:04:29&timeType=6&displayZone=&zoneId=&pppStatus=0&agentName=:远程服务器返回错误: (502) 错误的网关。
2019-05-06 00:04:28,626 [16924] INFO  BusinessInfoSpider.Utility.AppLog [(null)] - 62/264已处理完成，成功:29，失败:33
2019-05-06 00:04:28,814 [12504] INFO  BusinessInfoSpider.Utility.AppLog [(null)] - 处理失败http://search.ccgp.gov.cn/bxsearch?searchtype=1&page_index=216&bidSort=0&buyerName=&projectId=&pinMu=0&bidType=1&dbselect=bidx&kw=&start_time=2019:05:06&end_time=2019:04:29&timeType=6&displayZone=&zoneId=&pppStatus=0&agentName=:远程服务器返回错误: (502) 错误的网关。
2019-05-06 00:04:28,814 [12504] INFO  BusinessInfoSpider.Utility.AppLog [(null)] - 63/264已处理完成，成功:29，失败:34
2019-05-06 00:04:29,207 [22388] INFO  BusinessInfoSpider.Utility.AppLog [(null)] - 处理失败http://search.ccgp.gov.cn/bxsearch?searchtype=1&page_index=82&bidSort=0&buyerName=&projectId=&pinMu=0&bidType=1&dbselect=bidx&kw=&start_time=2019:05:06&end_time=2019:04:29&timeType=6&displayZone=&zoneId=&pppStatus=0&agentName=:远程服务器返回错误: (502) 错误的网关。
2019-05-06 00:04:29,207 [22388] INFO  BusinessInfoSpider.Utility.AppLog [(null)] - 64/264已处理完成，成功:29，失败:35
2019-05-06 00:04:29,477 [12504] INFO  BusinessInfoSpider.Utility.AppLog [(null)] - 处理失败http://search.ccgp.gov.cn/bxsearch?searchtype=1&page_index=217&bidSort=0&buyerName=&projectId=&pinMu=0&bidType=1&dbselect=bidx&kw=&start_time=2019:05:06&end_time=2019:04:29&timeType=6&displayZone=&zoneId=&pppStatus=0&agentName=:远程服务器返回错误: (502) 错误的网关。
2019-05-06 00:04:29,478 [12504] INFO  BusinessInfoSpider.Utility.AppLog [(null)] - 65/264已处理完成，成功:29，失败:36
2019-05-06 00:04:29,695 [5836] INFO  BusinessInfoSpider.Utility.AppLog [(null)] - 处理失败http://search.ccgp.gov.cn/bxsearch?searchtype=1&page_index=16&bidSort=0&buyerName=&projectId=&pinMu=0&bidType=1&dbselect=bidx&kw=&start_time=2019:05:06&end_time=2019:04:29&timeType=6&displayZone=&zoneId=&pppStatus=0&agentName=:远程服务器返回错误: (502) 错误的网关。
2019-05-06 00:04:29,696 [5836] INFO  BusinessInfoSpider.Utility.AppLog [(null)] - 66/264已处理完成，成功:29，失败:37
2019-05-06 00:04:30,034 [12504] INFO  BusinessInfoSpider.Utility.AppLog [(null)] - 处理失败http://search.ccgp.gov.cn/bxsearch?searchtype=1&page_index=218&bidSort=0&buyerName=&projectId=&pinMu=0&bidType=1&dbselect=bidx&kw=&start_time=2019:05:06&end_time=2019:04:29&timeType=6&displayZone=&zoneId=&pppStatus=0&agentName=:远程服务器返回错误: (502) 错误的网关。
2019-05-06 00:04:30,034 [12504] INFO  BusinessInfoSpider.Utility.AppLog [(null)] - 67/264已处理完成，成功:29，失败:38
2019-05-06 00:04:30,189 [16924] INFO  BusinessInfoSpider.Utility.AppLog [(null)] - 处理失败http://search.ccgp.gov.cn/bxsearch?searchtype=1&page_index=148&bidSort=0&buyerName=&projectId=&pinMu=0&bidType=1&dbselect=bidx&kw=&start_time=2019:05:06&end_time=2019:04:29&timeType=6&displayZone=&zoneId=&pppStatus=0&agentName=:远程服务器返回错误: (502) 错误的网关。
2019-05-06 00:04:30,190 [16924] INFO  BusinessInfoSpider.Utility.AppLog [(null)] - 68/264已处理完成，成功:29，失败:39
2019-05-06 00:04:31,111 [12504] INFO  BusinessInfoSpider.Utility.AppLog [(null)] - 处理失败http://search.ccgp.gov.cn/bxsearch?searchtype=1&page_index=219&bidSort=0&buyerName=&projectId=&pinMu=0&bidType=1&dbselect=bidx&kw=&start_time=2019:05:06&end_time=2019:04:29&timeType=6&displayZone=&zoneId=&pppStatus=0&agentName=:远程服务器返回错误: (502) 错误的网关。
2019-05-06 00:04:31,111 [12504] INFO  BusinessInfoSpider.Utility.AppLog [(null)] - 69/264已处理完成，成功:29，失败:40
2019-05-06 00:04:31,256 [16924] INFO  BusinessInfoSpider.Utility.AppLog [(null)] - 处理失败http://search.ccgp.gov.cn/bxsearch?searchtype=1&page_index=149&bidSort=0&buyerName=&projectId=&pinMu=0&bidType=1&dbselect=bidx&kw=&start_time=2019:05:06&end_time=2019:04:29&timeType=6&displayZone=&zoneId=&pppStatus=0&agentName=:远程服务器返回错误: (502) 错误的网关。
2019-05-06 00:04:31,256 [16924] INFO  BusinessInfoSpider.Utility.AppLog [(null)] - 70/264已处理完成，成功:29，失败:41
2019-05-06 00:04:31,791 [12504] INFO  BusinessInfoSpider.Utility.AppLog [(null)] - 处理失败http://search.ccgp.gov.cn/bxsearch?searchtype=1&page_index=220&bidSort=0&buyerName=&projectId=&pinMu=0&bidType=1&dbselect=bidx&kw=&start_time=2019:05:06&end_time=2019:04:29&timeType=6&displayZone=&zoneId=&pppStatus=0&agentName=:远程服务器返回错误: (502) 错误的网关。
2019-05-06 00:04:31,791 [12504] INFO  BusinessInfoSpider.Utility.AppLog [(null)] - 71/264已处理完成，成功:29，失败:42
2019-05-06 00:04:31,979 [16924] INFO  BusinessInfoSpider.Utility.AppLog [(null)] - 处理失败http://search.ccgp.gov.cn/bxsearch?searchtype=1&page_index=150&bidSort=0&buyerName=&projectId=&pinMu=0&bidType=1&dbselect=bidx&kw=&start_time=2019:05:06&end_time=2019:04:29&timeType=6&displayZone=&zoneId=&pppStatus=0&agentName=:远程服务器返回错误: (502) 错误的网关。
2019-05-06 00:04:31,979 [16924] INFO  BusinessInfoSpider.Utility.AppLog [(null)] - 72/264已处理完成，成功:29，失败:43
2019-05-06 00:04:32,387 [12504] INFO  BusinessInfoSpider.Utility.AppLog [(null)] - 处理失败http://search.ccgp.gov.cn/bxsearch?searchtype=1&page_index=221&bidSort=0&buyerName=&projectId=&pinMu=0&bidType=1&dbselect=bidx&kw=&start_time=2019:05:06&end_time=2019:04:29&timeType=6&displayZone=&zoneId=&pppStatus=0&agentName=:远程服务器返回错误: (502) 错误的网关。
2019-05-06 00:04:32,387 [12504] INFO  BusinessInfoSpider.Utility.AppLog [(null)] - 73/264已处理完成，成功:29，失败:44
2019-05-06 00:04:32,518 [16924] INFO  BusinessInfoSpider.Utility.AppLog [(null)] - 处理失败http://search.ccgp.gov.cn/bxsearch?searchtype=1&page_index=151&bidSort=0&buyerName=&projectId=&pinMu=0&bidType=1&dbselect=bidx&kw=&start_time=2019:05:06&end_time=2019:04:29&timeType=6&displayZone=&zoneId=&pppStatus=0&agentName=:远程服务器返回错误: (502) 错误的网关。
2019-05-06 00:04:32,518 [16924] INFO  BusinessInfoSpider.Utility.AppLog [(null)] - 74/264已处理完成，成功:29，失败:45
2019-05-06 00:04:32,920 [12504] INFO  BusinessInfoSpider.Utility.AppLog [(null)] - 处理失败http://search.ccgp.gov.cn/bxsearch?searchtype=1&page_index=222&bidSort=0&buyerName=&projectId=&pinMu=0&bidType=1&dbselect=bidx&kw=&start_time=2019:05:06&end_time=2019:04:29&timeType=6&displayZone=&zoneId=&pppStatus=0&agentName=:远程服务器返回错误: (502) 错误的网关。
2019-05-06 00:04:32,921 [12504] INFO  BusinessInfoSpider.Utility.AppLog [(null)] - 75/264已处理完成，成功:29，失败:46
2019-05-06 00:04:33,054 [16924] INFO  BusinessInfoSpider.Utility.AppLog [(null)] - 处理失败http://search.ccgp.gov.cn/bxsearch?searchtype=1&page_index=152&bidSort=0&buyerName=&projectId=&pinMu=0&bidType=1&dbselect=bidx&kw=&start_time=2019:05:06&end_time=2019:04:29&timeType=6&displayZone=&zoneId=&pppStatus=0&agentName=:远程服务器返回错误: (502) 错误的网关。
2019-05-06 00:04:33,054 [16924] INFO  BusinessInfoSpider.Utility.AppLog [(null)] - 76/264已处理完成，成功:29，失败:47
2019-05-06 00:04:33,512 [12504] INFO  BusinessInfoSpider.Utility.AppLog [(null)] - 处理失败http://search.ccgp.gov.cn/bxsearch?searchtype=1&page_index=223&bidSort=0&buyerName=&projectId=&pinMu=0&bidType=1&dbselect=bidx&kw=&start_time=2019:05:06&end_time=2019:04:29&timeType=6&displayZone=&zoneId=&pppStatus=0&agentName=:远程服务器返回错误: (502) 错误的网关。
2019-05-06 00:04:33,512 [12504] INFO  BusinessInfoSpider.Utility.AppLog [(null)] - 77/264已处理完成，成功:29，失败:48
2019-05-06 00:04:33,699 [16924] INFO  BusinessInfoSpider.Utility.AppLog [(null)] - 处理失败http://search.ccgp.gov.cn/bxsearch?searchtype=1&page_index=153&bidSort=0&buyerName=&projectId=&pinMu=0&bidType=1&dbselect=bidx&kw=&start_time=2019:05:06&end_time=2019:04:29&timeType=6&displayZone=&zoneId=&pppStatus=0&agentName=:远程服务器返回错误: (502) 错误的网关。
2019-05-06 00:04:33,699 [16924] INFO  BusinessInfoSpider.Utility.AppLog [(null)] - 78/264已处理完成，成功:29，失败:49
2019-05-06 00:04:34,108 [12504] INFO  BusinessInfoSpider.Utility.AppLog [(null)] - 处理失败http://search.ccgp.gov.cn/bxsearch?searchtype=1&page_index=224&bidSort=0&buyerName=&projectId=&pinMu=0&bidType=1&dbselect=bidx&kw=&start_time=2019:05:06&end_time=2019:04:29&timeType=6&displayZone=&zoneId=&pppStatus=0&agentName=:远程服务器返回错误: (502) 错误的网关。
2019-05-06 00:04:34,108 [12504] INFO  BusinessInfoSpider.Utility.AppLog [(null)] - 79/264已处理完成，成功:29，失败:50
2019-05-06 00:04:34,306 [16924] INFO  BusinessInfoSpider.Utility.AppLog [(null)] - 处理失败http://search.ccgp.gov.cn/bxsearch?searchtype=1&page_index=154&bidSort=0&buyerName=&projectId=&pinMu=0&bidType=1&dbselect=bidx&kw=&start_time=2019:05:06&end_time=2019:04:29&timeType=6&displayZone=&zoneId=&pppStatus=0&agentName=:远程服务器返回错误: (502) 错误的网关。
2019-05-06 00:04:34,306 [16924] INFO  BusinessInfoSpider.Utility.AppLog [(null)] - 80/264已处理完成，成功:29，失败:51
2019-05-06 00:04:34,576 [5836] INFO  BusinessInfoSpider.Utility.AppLog [(null)] - 处理失败http://search.ccgp.gov.cn/bxsearch?searchtype=1&page_index=17&bidSort=0&buyerName=&projectId=&pinMu=0&bidType=1&dbselect=bidx&kw=&start_time=2019:05:06&end_time=2019:04:29&timeType=6&displayZone=&zoneId=&pppStatus=0&agentName=:远程服务器返回错误: (502) 错误的网关。
2019-05-06 00:04:34,576 [5836] INFO  BusinessInfoSpider.Utility.AppLog [(null)] - 81/264已处理完成，成功:29，失败:52
2019-05-06 00:04:34,853 [16924] INFO  BusinessInfoSpider.Utility.AppLog [(null)] - 处理失败http://search.ccgp.gov.cn/bxsearch?searchtype=1&page_index=155&bidSort=0&buyerName=&projectId=&pinMu=0&bidType=1&dbselect=bidx&kw=&start_time=2019:05:06&end_time=2019:04:29&timeType=6&displayZone=&zoneId=&pppStatus=0&agentName=:远程服务器返回错误: (502) 错误的网关。
2019-05-06 00:04:34,853 [16924] INFO  BusinessInfoSpider.Utility.AppLog [(null)] - 82/264已处理完成，成功:29，失败:53
2019-05-06 00:04:35,068 [22388] INFO  BusinessInfoSpider.Utility.AppLog [(null)] - 处理失败http://search.ccgp.gov.cn/bxsearch?searchtype=1&page_index=83&bidSort=0&buyerName=&projectId=&pinMu=0&bidType=1&dbselect=bidx&kw=&start_time=2019:05:06&end_time=2019:04:29&timeType=6&displayZone=&zoneId=&pppStatus=0&agentName=:远程服务器返回错误: (502) 错误的网关。
2019-05-06 00:04:35,068 [22388] INFO  BusinessInfoSpider.Utility.AppLog [(null)] - 83/264已处理完成，成功:29，失败:54
2019-05-06 00:04:35,362 [12504] INFO  BusinessInfoSpider.Utility.AppLog [(null)] - 处理失败http://search.ccgp.gov.cn/bxsearch?searchtype=1&page_index=225&bidSort=0&buyerName=&projectId=&pinMu=0&bidType=1&dbselect=bidx&kw=&start_time=2019:05:06&end_time=2019:04:29&timeType=6&displayZone=&zoneId=&pppStatus=0&agentName=:远程服务器返回错误: (502) 错误的网关。
2019-05-06 00:04:35,362 [12504] INFO  BusinessInfoSpider.Utility.AppLog [(null)] - 84/264已处理完成，成功:29，失败:55
2019-05-06 00:04:35,667 [22388] INFO  BusinessInfoSpider.Utility.AppLog [(null)] - 处理失败http://search.ccgp.gov.cn/bxsearch?searchtype=1&page_index=84&bidSort=0&buyerName=&projectId=&pinMu=0&bidType=1&dbselect=bidx&kw=&start_time=2019:05:06&end_time=2019:04:29&timeType=6&displayZone=&zoneId=&pppStatus=0&agentName=:远程服务器返回错误: (502) 错误的网关。
2019-05-06 00:04:35,667 [22388] INFO  BusinessInfoSpider.Utility.AppLog [(null)] - 85/264已处理完成，成功:29，失败:56
2019-05-06 00:04:35,894 [12504] INFO  BusinessInfoSpider.Utility.AppLog [(null)] - 处理失败http://search.ccgp.gov.cn/bxsearch?searchtype=1&page_index=226&bidSort=0&buyerName=&projectId=&pinMu=0&bidType=1&dbselect=bidx&kw=&start_time=2019:05:06&end_time=2019:04:29&timeType=6&displayZone=&zoneId=&pppStatus=0&agentName=:远程服务器返回错误: (502) 错误的网关。
2019-05-06 00:04:35,894 [12504] INFO  BusinessInfoSpider.Utility.AppLog [(null)] - 86/264已处理完成，成功:29，失败:57
2019-05-06 00:04:36,218 [22388] INFO  BusinessInfoSpider.Utility.AppLog [(null)] - 处理失败http://search.ccgp.gov.cn/bxsearch?searchtype=1&page_index=85&bidSort=0&buyerName=&projectId=&pinMu=0&bidType=1&dbselect=bidx&kw=&start_time=2019:05:06&end_time=2019:04:29&timeType=6&displayZone=&zoneId=&pppStatus=0&agentName=:远程服务器返回错误: (502) 错误的网关。
2019-05-06 00:04:36,218 [22388] INFO  BusinessInfoSpider.Utility.AppLog [(null)] - 87/264已处理完成，成功:29，失败:58
2019-05-06 00:04:36,704 [12504] INFO  BusinessInfoSpider.Utility.AppLog [(null)] - 处理失败http://search.ccgp.gov.cn/bxsearch?searchtype=1&page_index=227&bidSort=0&buyerName=&projectId=&pinMu=0&bidType=1&dbselect=bidx&kw=&start_time=2019:05:06&end_time=2019:04:29&timeType=6&displayZone=&zoneId=&pppStatus=0&agentName=:远程服务器返回错误: (502) 错误的网关。
2019-05-06 00:04:36,704 [12504] INFO  BusinessInfoSpider.Utility.AppLog [(null)] - 88/264已处理完成，成功:29，失败:59
2019-05-06 00:04:36,868 [22388] INFO  BusinessInfoSpider.Utility.AppLog [(null)] - 处理失败http://search.ccgp.gov.cn/bxsearch?searchtype=1&page_index=86&bidSort=0&buyerName=&projectId=&pinMu=0&bidType=1&dbselect=bidx&kw=&start_time=2019:05:06&end_time=2019:04:29&timeType=6&displayZone=&zoneId=&pppStatus=0&agentName=:远程服务器返回错误: (502) 错误的网关。
2019-05-06 00:04:36,868 [22388] INFO  BusinessInfoSpider.Utility.AppLog [(null)] - 89/264已处理完成，成功:29，失败:60
2019-05-06 00:04:37,278 [12504] INFO  BusinessInfoSpider.Utility.AppLog [(null)] - 处理失败http://search.ccgp.gov.cn/bxsearch?searchtype=1&page_index=228&bidSort=0&buyerName=&projectId=&pinMu=0&bidType=1&dbselect=bidx&kw=&start_time=2019:05:06&end_time=2019:04:29&timeType=6&displayZone=&zoneId=&pppStatus=0&agentName=:远程服务器返回错误: (502) 错误的网关。
2019-05-06 00:04:37,278 [12504] INFO  BusinessInfoSpider.Utility.AppLog [(null)] - 90/264已处理完成，成功:29，失败:61
2019-05-06 00:04:37,436 [22388] INFO  BusinessInfoSpider.Utility.AppLog [(null)] - 处理失败http://search.ccgp.gov.cn/bxsearch?searchtype=1&page_index=87&bidSort=0&buyerName=&projectId=&pinMu=0&bidType=1&dbselect=bidx&kw=&start_time=2019:05:06&end_time=2019:04:29&timeType=6&displayZone=&zoneId=&pppStatus=0&agentName=:远程服务器返回错误: (502) 错误的网关。
2019-05-06 00:04:37,436 [22388] INFO  BusinessInfoSpider.Utility.AppLog [(null)] - 91/264已处理完成，成功:29，失败:62
2019-05-06 00:04:37,638 [5836] INFO  BusinessInfoSpider.Utility.AppLog [(null)] - 处理失败http://search.ccgp.gov.cn/bxsearch?searchtype=1&page_index=18&bidSort=0&buyerName=&projectId=&pinMu=0&bidType=1&dbselect=bidx&kw=&start_time=2019:05:06&end_time=2019:04:29&timeType=6&displayZone=&zoneId=&pppStatus=0&agentName=:远程服务器返回错误: (502) 错误的网关。
2019-05-06 00:04:37,638 [5836] INFO  BusinessInfoSpider.Utility.AppLog [(null)] - 92/264已处理完成，成功:29，失败:63
2019-05-06 00:04:37,893 [12504] INFO  BusinessInfoSpider.Utility.AppLog [(null)] - 处理失败http://search.ccgp.gov.cn/bxsearch?searchtype=1&page_index=229&bidSort=0&buyerName=&projectId=&pinMu=0&bidType=1&dbselect=bidx&kw=&start_time=2019:05:06&end_time=2019:04:29&timeType=6&displayZone=&zoneId=&pppStatus=0&agentName=:远程服务器返回错误: (502) 错误的网关。
2019-05-06 00:04:37,893 [12504] INFO  BusinessInfoSpider.Utility.AppLog [(null)] - 93/264已处理完成，成功:29，失败:64
2019-05-06 00:04:38,268 [5836] INFO  BusinessInfoSpider.Utility.AppLog [(null)] - 处理失败http://search.ccgp.gov.cn/bxsearch?searchtype=1&page_index=19&bidSort=0&buyerName=&projectId=&pinMu=0&bidType=1&dbselect=bidx&kw=&start_time=2019:05:06&end_time=2019:04:29&timeType=6&displayZone=&zoneId=&pppStatus=0&agentName=:远程服务器返回错误: (502) 错误的网关。
2019-05-06 00:04:38,268 [5836] INFO  BusinessInfoSpider.Utility.AppLog [(null)] - 94/264已处理完成，成功:29，失败:65
2019-05-06 00:04:38,494 [12504] INFO  BusinessInfoSpider.Utility.AppLog [(null)] - 处理失败http://search.ccgp.gov.cn/bxsearch?searchtype=1&page_index=230&bidSort=0&buyerName=&projectId=&pinMu=0&bidType=1&dbselect=bidx&kw=&start_time=2019:05:06&end_time=2019:04:29&timeType=6&displayZone=&zoneId=&pppStatus=0&agentName=:远程服务器返回错误: (502) 错误的网关。
2019-05-06 00:04:38,494 [12504] INFO  BusinessInfoSpider.Utility.AppLog [(null)] - 95/264已处理完成，成功:29，失败:66
2019-05-06 00:04:38,861 [5836] INFO  BusinessInfoSpider.Utility.AppLog [(null)] - 处理失败http://search.ccgp.gov.cn/bxsearch?searchtype=1&page_index=20&bidSort=0&buyerName=&projectId=&pinMu=0&bidType=1&dbselect=bidx&kw=&start_time=2019:05:06&end_time=2019:04:29&timeType=6&displayZone=&zoneId=&pppStatus=0&agentName=:远程服务器返回错误: (502) 错误的网关。
2019-05-06 00:04:38,861 [5836] INFO  BusinessInfoSpider.Utility.AppLog [(null)] - 96/264已处理完成，成功:29，失败:67
2019-05-06 00:04:39,195 [12504] INFO  BusinessInfoSpider.Utility.AppLog [(null)] - 处理失败http://search.ccgp.gov.cn/bxsearch?searchtype=1&page_index=231&bidSort=0&buyerName=&projectId=&pinMu=0&bidType=1&dbselect=bidx&kw=&start_time=2019:05:06&end_time=2019:04:29&timeType=6&displayZone=&zoneId=&pppStatus=0&agentName=:远程服务器返回错误: (502) 错误的网关。
2019-05-06 00:04:39,195 [12504] INFO  BusinessInfoSpider.Utility.AppLog [(null)] - 97/264已处理完成，成功:29，失败:68
2019-05-06 00:04:39,474 [5836] INFO  BusinessInfoSpider.Utility.AppLog [(null)] - 处理失败http://search.ccgp.gov.cn/bxsearch?searchtype=1&page_index=21&bidSort=0&buyerName=&projectId=&pinMu=0&bidType=1&dbselect=bidx&kw=&start_time=2019:05:06&end_time=2019:04:29&timeType=6&displayZone=&zoneId=&pppStatus=0&agentName=:远程服务器返回错误: (502) 错误的网关。
2019-05-06 00:04:39,474 [5836] INFO  BusinessInfoSpider.Utility.AppLog [(null)] - 98/264已处理完成，成功:29，失败:69
2019-05-06 00:04:39,667 [16924] INFO  BusinessInfoSpider.Utility.AppLog [(null)] - 处理失败http://search.ccgp.gov.cn/bxsearch?searchtype=1&page_index=156&bidSort=0&buyerName=&projectId=&pinMu=0&bidType=1&dbselect=bidx&kw=&start_time=2019:05:06&end_time=2019:04:29&timeType=6&displayZone=&zoneId=&pppStatus=0&agentName=:远程服务器返回错误: (502) 错误的网关。
2019-05-06 00:04:39,667 [16924] INFO  BusinessInfoSpider.Utility.AppLog [(null)] - 99/264已处理完成，成功:29，失败:70
2019-05-06 00:04:39,914 [22388] INFO  BusinessInfoSpider.Utility.AppLog [(null)] - 处理失败http://search.ccgp.gov.cn/bxsearch?searchtype=1&page_index=88&bidSort=0&buyerName=&projectId=&pinMu=0&bidType=1&dbselect=bidx&kw=&start_time=2019:05:06&end_time=2019:04:29&timeType=6&displayZone=&zoneId=&pppStatus=0&agentName=:远程服务器返回错误: (502) 错误的网关。
2019-05-06 00:04:39,914 [22388] INFO  BusinessInfoSpider.Utility.AppLog [(null)] - 100/264已处理完成，成功:29，失败:71
2019-05-06 00:04:40,230 [16924] INFO  BusinessInfoSpider.Utility.AppLog [(null)] - 处理失败http://search.ccgp.gov.cn/bxsearch?searchtype=1&page_index=157&bidSort=0&buyerName=&projectId=&pinMu=0&bidType=1&dbselect=bidx&kw=&start_time=2019:05:06&end_time=2019:04:29&timeType=6&displayZone=&zoneId=&pppStatus=0&agentName=:远程服务器返回错误: (502) 错误的网关。
2019-05-06 00:04:40,230 [16924] INFO  BusinessInfoSpider.Utility.AppLog [(null)] - 101/264已处理完成，成功:29，失败:72
2019-05-06 00:04:40,476 [22388] INFO  BusinessInfoSpider.Utility.AppLog [(null)] - 处理失败http://search.ccgp.gov.cn/bxsearch?searchtype=1&page_index=89&bidSort=0&buyerName=&projectId=&pinMu=0&bidType=1&dbselect=bidx&kw=&start_time=2019:05:06&end_time=2019:04:29&timeType=6&displayZone=&zoneId=&pppStatus=0&agentName=:远程服务器返回错误: (502) 错误的网关。
2019-05-06 00:04:40,476 [22388] INFO  BusinessInfoSpider.Utility.AppLog [(null)] - 102/264已处理完成，成功:29，失败:73
2019-05-06 00:04:40,773 [16924] INFO  BusinessInfoSpider.Utility.AppLog [(null)] - 处理失败http://search.ccgp.gov.cn/bxsearch?searchtype=1&page_index=158&bidSort=0&buyerName=&projectId=&pinMu=0&bidType=1&dbselect=bidx&kw=&start_time=2019:05:06&end_time=2019:04:29&timeType=6&displayZone=&zoneId=&pppStatus=0&agentName=:远程服务器返回错误: (502) 错误的网关。
2019-05-06 00:04:40,773 [16924] INFO  BusinessInfoSpider.Utility.AppLog [(null)] - 103/264已处理完成，成功:29，失败:74
2019-05-06 00:04:40,999 [22388] INFO  BusinessInfoSpider.Utility.AppLog [(null)] - 处理失败http://search.ccgp.gov.cn/bxsearch?searchtype=1&page_index=90&bidSort=0&buyerName=&projectId=&pinMu=0&bidType=1&dbselect=bidx&kw=&start_time=2019:05:06&end_time=2019:04:29&timeType=6&displayZone=&zoneId=&pppStatus=0&agentName=:远程服务器返回错误: (502) 错误的网关。
2019-05-06 00:04:41,000 [22388] INFO  BusinessInfoSpider.Utility.AppLog [(null)] - 104/264已处理完成，成功:29，失败:75
2019-05-06 00:04:41,316 [16924] INFO  BusinessInfoSpider.Utility.AppLog [(null)] - 处理失败http://search.ccgp.gov.cn/bxsearch?searchtype=1&page_index=159&bidSort=0&buyerName=&projectId=&pinMu=0&bidType=1&dbselect=bidx&kw=&start_time=2019:05:06&end_time=2019:04:29&timeType=6&displayZone=&zoneId=&pppStatus=0&agentName=:远程服务器返回错误: (502) 错误的网关。
2019-05-06 00:04:41,316 [16924] INFO  BusinessInfoSpider.Utility.AppLog [(null)] - 105/264已处理完成，成功:29，失败:76
2019-05-06 00:04:41,549 [22388] INFO  BusinessInfoSpider.Utility.AppLog [(null)] - 处理失败http://search.ccgp.gov.cn/bxsearch?searchtype=1&page_index=91&bidSort=0&buyerName=&projectId=&pinMu=0&bidType=1&dbselect=bidx&kw=&start_time=2019:05:06&end_time=2019:04:29&timeType=6&displayZone=&zoneId=&pppStatus=0&agentName=:远程服务器返回错误: (502) 错误的网关。
2019-05-06 00:04:41,549 [22388] INFO  BusinessInfoSpider.Utility.AppLog [(null)] - 106/264已处理完成，成功:29，失败:77
2019-05-06 00:04:41,913 [5836] INFO  BusinessInfoSpider.Utility.AppLog [(null)] - 处理失败http://search.ccgp.gov.cn/bxsearch?searchtype=1&page_index=22&bidSort=0&buyerName=&projectId=&pinMu=0&bidType=1&dbselect=bidx&kw=&start_time=2019:05:06&end_time=2019:04:29&timeType=6&displayZone=&zoneId=&pppStatus=0&agentName=:远程服务器返回错误: (502) 错误的网关。
2019-05-06 00:04:41,913 [5836] INFO  BusinessInfoSpider.Utility.AppLog [(null)] - 107/264已处理完成，成功:29，失败:78
2019-05-06 00:04:42,090 [22388] INFO  BusinessInfoSpider.Utility.AppLog [(null)] - 处理失败http://search.ccgp.gov.cn/bxsearch?searchtype=1&page_index=92&bidSort=0&buyerName=&projectId=&pinMu=0&bidType=1&dbselect=bidx&kw=&start_time=2019:05:06&end_time=2019:04:29&timeType=6&displayZone=&zoneId=&pppStatus=0&agentName=:远程服务器返回错误: (502) 错误的网关。
2019-05-06 00:04:42,090 [22388] INFO  BusinessInfoSpider.Utility.AppLog [(null)] - 108/264已处理完成，成功:29，失败:79
2019-05-06 00:04:42,462 [5836] INFO  BusinessInfoSpider.Utility.AppLog [(null)] - 处理失败http://search.ccgp.gov.cn/bxsearch?searchtype=1&page_index=23&bidSort=0&buyerName=&projectId=&pinMu=0&bidType=1&dbselect=bidx&kw=&start_time=2019:05:06&end_time=2019:04:29&timeType=6&displayZone=&zoneId=&pppStatus=0&agentName=:远程服务器返回错误: (502) 错误的网关。
2019-05-06 00:04:42,462 [5836] INFO  BusinessInfoSpider.Utility.AppLog [(null)] - 109/264已处理完成，成功:29，失败:80
2019-05-06 00:04:42,650 [22388] INFO  BusinessInfoSpider.Utility.AppLog [(null)] - 处理失败http://search.ccgp.gov.cn/bxsearch?searchtype=1&page_index=93&bidSort=0&buyerName=&projectId=&pinMu=0&bidType=1&dbselect=bidx&kw=&start_time=2019:05:06&end_time=2019:04:29&timeType=6&displayZone=&zoneId=&pppStatus=0&agentName=:远程服务器返回错误: (502) 错误的网关。
2019-05-06 00:04:42,650 [22388] INFO  BusinessInfoSpider.Utility.AppLog [(null)] - 110/264已处理完成，成功:29，失败:81
2019-05-06 00:04:42,854 [12504] INFO  BusinessInfoSpider.Utility.AppLog [(null)] - 处理失败http://search.ccgp.gov.cn/bxsearch?searchtype=1&page_index=232&bidSort=0&buyerName=&projectId=&pinMu=0&bidType=1&dbselect=bidx&kw=&start_time=2019:05:06&end_time=2019:04:29&timeType=6&displayZone=&zoneId=&pppStatus=0&agentName=:远程服务器返回错误: (502) 错误的网关。
2019-05-06 00:04:42,854 [12504] INFO  BusinessInfoSpider.Utility.AppLog [(null)] - 111/264已处理完成，成功:29，失败:82
2019-05-06 00:04:43,026 [5836] INFO  BusinessInfoSpider.Utility.AppLog [(null)] - 处理失败http://search.ccgp.gov.cn/bxsearch?searchtype=1&page_index=24&bidSort=0&buyerName=&projectId=&pinMu=0&bidType=1&dbselect=bidx&kw=&start_time=2019:05:06&end_time=2019:04:29&timeType=6&displayZone=&zoneId=&pppStatus=0&agentName=:远程服务器返回错误: (502) 错误的网关。
2019-05-06 00:04:43,026 [5836] INFO  BusinessInfoSpider.Utility.AppLog [(null)] - 112/264已处理完成，成功:29，失败:83
2019-05-06 00:04:43,211 [22388] INFO  BusinessInfoSpider.Utility.AppLog [(null)] - 处理失败http://search.ccgp.gov.cn/bxsearch?searchtype=1&page_index=94&bidSort=0&buyerName=&projectId=&pinMu=0&bidType=1&dbselect=bidx&kw=&start_time=2019:05:06&end_time=2019:04:29&timeType=6&displayZone=&zoneId=&pppStatus=0&agentName=:远程服务器返回错误: (502) 错误的网关。
2019-05-06 00:04:43,211 [22388] INFO  BusinessInfoSpider.Utility.AppLog [(null)] - 113/264已处理完成，成功:29，失败:84
2019-05-06 00:04:43,448 [12504] INFO  BusinessInfoSpider.Utility.AppLog [(null)] - 处理失败http://search.ccgp.gov.cn/bxsearch?searchtype=1&page_index=233&bidSort=0&buyerName=&projectId=&pinMu=0&bidType=1&dbselect=bidx&kw=&start_time=2019:05:06&end_time=2019:04:29&timeType=6&displayZone=&zoneId=&pppStatus=0&agentName=:远程服务器返回错误: (502) 错误的网关。
2019-05-06 00:04:43,448 [12504] INFO  BusinessInfoSpider.Utility.AppLog [(null)] - 114/264已处理完成，成功:29，失败:85
2019-05-06 00:04:43,726 [22388] INFO  BusinessInfoSpider.Utility.AppLog [(null)] - 处理失败http://search.ccgp.gov.cn/bxsearch?searchtype=1&page_index=95&bidSort=0&buyerName=&projectId=&pinMu=0&bidType=1&dbselect=bidx&kw=&start_time=2019:05:06&end_time=2019:04:29&timeType=6&displayZone=&zoneId=&pppStatus=0&agentName=:远程服务器返回错误: (502) 错误的网关。
2019-05-06 00:04:43,726 [22388] INFO  BusinessInfoSpider.Utility.AppLog [(null)] - 115/264已处理完成，成功:29，失败:86
2019-05-06 00:04:44,182 [5836] INFO  BusinessInfoSpider.Utility.AppLog [(null)] - 处理失败http://search.ccgp.gov.cn/bxsearch?searchtype=1&page_index=25&bidSort=0&buyerName=&projectId=&pinMu=0&bidType=1&dbselect=bidx&kw=&start_time=2019:05:06&end_time=2019:04:29&timeType=6&displayZone=&zoneId=&pppStatus=0&agentName=:远程服务器返回错误: (502) 错误的网关。
2019-05-06 00:04:44,182 [5836] INFO  BusinessInfoSpider.Utility.AppLog [(null)] - 116/264已处理完成，成功:29，失败:87
2019-05-06 00:04:44,332 [22388] INFO  BusinessInfoSpider.Utility.AppLog [(null)] - 处理失败http://search.ccgp.gov.cn/bxsearch?searchtype=1&page_index=96&bidSort=0&buyerName=&projectId=&pinMu=0&bidType=1&dbselect=bidx&kw=&start_time=2019:05:06&end_time=2019:04:29&timeType=6&displayZone=&zoneId=&pppStatus=0&agentName=:远程服务器返回错误: (502) 错误的网关。
2019-05-06 00:04:44,332 [22388] INFO  BusinessInfoSpider.Utility.AppLog [(null)] - 117/264已处理完成，成功:29，失败:88
2019-05-06 00:04:44,561 [16924] INFO  BusinessInfoSpider.Utility.AppLog [(null)] - 处理失败http://search.ccgp.gov.cn/bxsearch?searchtype=1&page_index=160&bidSort=0&buyerName=&projectId=&pinMu=0&bidType=1&dbselect=bidx&kw=&start_time=2019:05:06&end_time=2019:04:29&timeType=6&displayZone=&zoneId=&pppStatus=0&agentName=:远程服务器返回错误: (502) 错误的网关。
2019-05-06 00:04:44,561 [16924] INFO  BusinessInfoSpider.Utility.AppLog [(null)] - 118/264已处理完成，成功:29，失败:89
2019-05-06 00:04:44,914 [5836] INFO  BusinessInfoSpider.Utility.AppLog [(null)] - 处理失败http://search.ccgp.gov.cn/bxsearch?searchtype=1&page_index=26&bidSort=0&buyerName=&projectId=&pinMu=0&bidType=1&dbselect=bidx&kw=&start_time=2019:05:06&end_time=2019:04:29&timeType=6&displayZone=&zoneId=&pppStatus=0&agentName=:远程服务器返回错误: (502) 错误的网关。
2019-05-06 00:04:44,914 [5836] INFO  BusinessInfoSpider.Utility.AppLog [(null)] - 119/264已处理完成，成功:29，失败:90
2019-05-06 00:04:45,286 [16924] INFO  BusinessInfoSpider.Utility.AppLog [(null)] - 处理失败http://search.ccgp.gov.cn/bxsearch?searchtype=1&page_index=161&bidSort=0&buyerName=&projectId=&pinMu=0&bidType=1&dbselect=bidx&kw=&start_time=2019:05:06&end_time=2019:04:29&timeType=6&displayZone=&zoneId=&pppStatus=0&agentName=:远程服务器返回错误: (502) 错误的网关。
2019-05-06 00:04:45,286 [16924] INFO  BusinessInfoSpider.Utility.AppLog [(null)] - 120/264已处理完成，成功:29，失败:91
2019-05-06 00:04:45,512 [5836] INFO  BusinessInfoSpider.Utility.AppLog [(null)] - 处理失败http://search.ccgp.gov.cn/bxsearch?searchtype=1&page_index=27&bidSort=0&buyerName=&projectId=&pinMu=0&bidType=1&dbselect=bidx&kw=&start_time=2019:05:06&end_time=2019:04:29&timeType=6&displayZone=&zoneId=&pppStatus=0&agentName=:远程服务器返回错误: (502) 错误的网关。
2019-05-06 00:04:45,512 [5836] INFO  BusinessInfoSpider.Utility.AppLog [(null)] - 121/264已处理完成，成功:29，失败:92
2019-05-06 00:04:45,914 [16924] INFO  BusinessInfoSpider.Utility.AppLog [(null)] - 处理失败http://search.ccgp.gov.cn/bxsearch?searchtype=1&page_index=162&bidSort=0&buyerName=&projectId=&pinMu=0&bidType=1&dbselect=bidx&kw=&start_time=2019:05:06&end_time=2019:04:29&timeType=6&displayZone=&zoneId=&pppStatus=0&agentName=:远程服务器返回错误: (502) 错误的网关。
2019-05-06 00:04:45,914 [16924] INFO  BusinessInfoSpider.Utility.AppLog [(null)] - 122/264已处理完成，成功:29，失败:93
2019-05-06 00:04:46,136 [5836] INFO  BusinessInfoSpider.Utility.AppLog [(null)] - 处理失败http://search.ccgp.gov.cn/bxsearch?searchtype=1&page_index=28&bidSort=0&buyerName=&projectId=&pinMu=0&bidType=1&dbselect=bidx&kw=&start_time=2019:05:06&end_time=2019:04:29&timeType=6&displayZone=&zoneId=&pppStatus=0&agentName=:远程服务器返回错误: (502) 错误的网关。
2019-05-06 00:04:46,136 [5836] INFO  BusinessInfoSpider.Utility.AppLog [(null)] - 123/264已处理完成，成功:29，失败:94
2019-05-06 00:04:46,350 [22388] INFO  BusinessInfoSpider.Utility.AppLog [(null)] - 处理失败http://search.ccgp.gov.cn/bxsearch?searchtype=1&page_index=97&bidSort=0&buyerName=&projectId=&pinMu=0&bidType=1&dbselect=bidx&kw=&start_time=2019:05:06&end_time=2019:04:29&timeType=6&displayZone=&zoneId=&pppStatus=0&agentName=:远程服务器返回错误: (502) 错误的网关。
2019-05-06 00:04:46,350 [22388] INFO  BusinessInfoSpider.Utility.AppLog [(null)] - 124/264已处理完成，成功:29，失败:95
2019-05-06 00:04:46,587 [16924] INFO  BusinessInfoSpider.Utility.AppLog [(null)] - 处理失败http://search.ccgp.gov.cn/bxsearch?searchtype=1&page_index=163&bidSort=0&buyerName=&projectId=&pinMu=0&bidType=1&dbselect=bidx&kw=&start_time=2019:05:06&end_time=2019:04:29&timeType=6&displayZone=&zoneId=&pppStatus=0&agentName=:远程服务器返回错误: (502) 错误的网关。
2019-05-06 00:04:46,587 [16924] INFO  BusinessInfoSpider.Utility.AppLog [(null)] - 125/264已处理完成，成功:29，失败:96
2019-05-06 00:04:47,135 [22388] INFO  BusinessInfoSpider.Utility.AppLog [(null)] - 处理失败http://search.ccgp.gov.cn/bxsearch?searchtype=1&page_index=98&bidSort=0&buyerName=&projectId=&pinMu=0&bidType=1&dbselect=bidx&kw=&start_time=2019:05:06&end_time=2019:04:29&timeType=6&displayZone=&zoneId=&pppStatus=0&agentName=:远程服务器返回错误: (502) 错误的网关。
2019-05-06 00:04:47,135 [22388] INFO  BusinessInfoSpider.Utility.AppLog [(null)] - 126/264已处理完成，成功:29，失败:97
2019-05-06 00:04:47,364 [16924] INFO  BusinessInfoSpider.Utility.AppLog [(null)] - 处理失败http://search.ccgp.gov.cn/bxsearch?searchtype=1&page_index=164&bidSort=0&buyerName=&projectId=&pinMu=0&bidType=1&dbselect=bidx&kw=&start_time=2019:05:06&end_time=2019:04:29&timeType=6&displayZone=&zoneId=&pppStatus=0&agentName=:远程服务器返回错误: (502) 错误的网关。
2019-05-06 00:04:47,364 [16924] INFO  BusinessInfoSpider.Utility.AppLog [(null)] - 127/264已处理完成，成功:29，失败:98
2019-05-06 00:04:47,704 [22388] INFO  BusinessInfoSpider.Utility.AppLog [(null)] - 处理失败http://search.ccgp.gov.cn/bxsearch?searchtype=1&page_index=99&bidSort=0&buyerName=&projectId=&pinMu=0&bidType=1&dbselect=bidx&kw=&start_time=2019:05:06&end_time=2019:04:29&timeType=6&displayZone=&zoneId=&pppStatus=0&agentName=:远程服务器返回错误: (502) 错误的网关。
2019-05-06 00:04:47,704 [22388] INFO  BusinessInfoSpider.Utility.AppLog [(null)] - 128/264已处理完成，成功:29，失败:99
2019-05-06 00:04:48,060 [16924] INFO  BusinessInfoSpider.Utility.AppLog [(null)] - 处理失败http://search.ccgp.gov.cn/bxsearch?searchtype=1&page_index=165&bidSort=0&buyerName=&projectId=&pinMu=0&bidType=1&dbselect=bidx&kw=&start_time=2019:05:06&end_time=2019:04:29&timeType=6&displayZone=&zoneId=&pppStatus=0&agentName=:远程服务器返回错误: (502) 错误的网关。
2019-05-06 00:04:48,060 [16924] INFO  BusinessInfoSpider.Utility.AppLog [(null)] - 129/264已处理完成，成功:29，失败:100
2019-05-06 00:04:48,219 [12504] INFO  BusinessInfoSpider.Utility.AppLog [(null)] - 处理失败http://search.ccgp.gov.cn/bxsearch?searchtype=1&page_index=234&bidSort=0&buyerName=&projectId=&pinMu=0&bidType=1&dbselect=bidx&kw=&start_time=2019:05:06&end_time=2019:04:29&timeType=6&displayZone=&zoneId=&pppStatus=0&agentName=:远程服务器返回错误: (502) 错误的网关。
2019-05-06 00:04:48,219 [12504] INFO  BusinessInfoSpider.Utility.AppLog [(null)] - 130/264已处理完成，成功:29，失败:101
2019-05-06 00:05:05,422 [5836] INFO  BusinessInfoSpider.Utility.AppLog [(null)] - 131/264已处理完成，成功:30，失败:101
2019-05-06 00:05:05,820 [22388] INFO  BusinessInfoSpider.Utility.AppLog [(null)] - 132/264已处理完成，成功:31，失败:101
2019-05-06 00:05:06,134 [12504] INFO  BusinessInfoSpider.Utility.AppLog [(null)] - 133/264已处理完成，成功:32，失败:101
2019-05-06 00:05:06,454 [16924] INFO  BusinessInfoSpider.Utility.AppLog [(null)] - 134/264已处理完成，成功:33，失败:101
2019-05-06 00:05:20,472 [5836] INFO  BusinessInfoSpider.Utility.AppLog [(null)] - 135/264已处理完成，成功:34，失败:101
2019-05-06 00:05:22,427 [12504] INFO  BusinessInfoSpider.Utility.AppLog [(null)] - 136/264已处理完成，成功:35，失败:101
2019-05-06 00:05:22,778 [16924] INFO  BusinessInfoSpider.Utility.AppLog [(null)] - 137/264已处理完成，成功:36，失败:101
2019-05-06 00:05:22,886 [22388] INFO  BusinessInfoSpider.Utility.AppLog [(null)] - 138/264已处理完成，成功:37，失败:101
2019-05-06 00:05:39,062 [5836] INFO  BusinessInfoSpider.Utility.AppLog [(null)] - 139/264已处理完成，成功:38，失败:101
2019-05-06 00:05:41,865 [12504] INFO  BusinessInfoSpider.Utility.AppLog [(null)] - 140/264已处理完成，成功:39，失败:101
2019-05-06 00:05:42,211 [22388] INFO  BusinessInfoSpider.Utility.AppLog [(null)] - 141/264已处理完成，成功:40，失败:101
2019-05-06 00:05:42,532 [16924] INFO  BusinessInfoSpider.Utility.AppLog [(null)] - 142/264已处理完成，成功:41，失败:101
2019-05-06 00:05:56,964 [5836] INFO  BusinessInfoSpider.Utility.AppLog [(null)] - 143/264已处理完成，成功:42，失败:101
2019-05-06 00:06:00,203 [12504] INFO  BusinessInfoSpider.Utility.AppLog [(null)] - 144/264已处理完成，成功:43，失败:101
2019-05-06 00:06:00,930 [16924] INFO  BusinessInfoSpider.Utility.AppLog [(null)] - 145/264已处理完成，成功:44，失败:101
2019-05-06 00:06:01,268 [22388] INFO  BusinessInfoSpider.Utility.AppLog [(null)] - 146/264已处理完成，成功:45，失败:101
2019-05-06 00:06:15,237 [5836] INFO  BusinessInfoSpider.Utility.AppLog [(null)] - 147/264已处理完成，成功:46，失败:101
2019-05-06 00:06:20,167 [16924] INFO  BusinessInfoSpider.Utility.AppLog [(null)] - 148/264已处理完成，成功:47，失败:101
2019-05-06 00:06:20,705 [12504] INFO  BusinessInfoSpider.Utility.AppLog [(null)] - 149/264已处理完成，成功:48，失败:101
2019-05-06 00:06:21,817 [22388] INFO  BusinessInfoSpider.Utility.AppLog [(null)] - 150/264已处理完成，成功:49，失败:101
2019-05-06 00:06:36,293 [5836] INFO  BusinessInfoSpider.Utility.AppLog [(null)] - 151/264已处理完成，成功:50，失败:101
2019-05-06 00:06:38,354 [16924] INFO  BusinessInfoSpider.Utility.AppLog [(null)] - 152/264已处理完成，成功:51，失败:101
2019-05-06 00:06:39,854 [12504] INFO  BusinessInfoSpider.Utility.AppLog [(null)] - 153/264已处理完成，成功:52，失败:101
2019-05-06 00:06:42,204 [22388] INFO  BusinessInfoSpider.Utility.AppLog [(null)] - 154/264已处理完成，成功:53，失败:101
2019-05-06 00:06:58,779 [5836] INFO  BusinessInfoSpider.Utility.AppLog [(null)] - 155/264已处理完成，成功:54，失败:101
2019-05-06 00:06:59,085 [16924] INFO  BusinessInfoSpider.Utility.AppLog [(null)] - 156/264已处理完成，成功:55，失败:101
2019-05-06 00:07:01,669 [12504] INFO  BusinessInfoSpider.Utility.AppLog [(null)] - 157/264已处理完成，成功:56，失败:101
2019-05-06 00:07:04,865 [22388] INFO  BusinessInfoSpider.Utility.AppLog [(null)] - 158/264已处理完成，成功:57，失败:101
2019-05-06 00:07:20,533 [16924] INFO  BusinessInfoSpider.Utility.AppLog [(null)] - 159/264已处理完成，成功:58，失败:101
2019-05-06 00:07:20,932 [5836] INFO  BusinessInfoSpider.Utility.AppLog [(null)] - 160/264已处理完成，成功:59，失败:101
2019-05-06 00:07:22,395 [12504] INFO  BusinessInfoSpider.Utility.AppLog [(null)] - 161/264已处理完成，成功:60，失败:101
2019-05-06 00:07:25,701 [22388] INFO  BusinessInfoSpider.Utility.AppLog [(null)] - 162/264已处理完成，成功:61，失败:101
2019-05-06 00:07:40,373 [5836] INFO  BusinessInfoSpider.Utility.AppLog [(null)] - 163/264已处理完成，成功:62，失败:101
2019-05-06 00:07:42,586 [12504] INFO  BusinessInfoSpider.Utility.AppLog [(null)] - 164/264已处理完成，成功:63，失败:101
2019-05-06 00:07:44,224 [16924] INFO  BusinessInfoSpider.Utility.AppLog [(null)] - 165/264已处理完成，成功:64，失败:101
2019-05-06 00:07:45,480 [22388] INFO  BusinessInfoSpider.Utility.AppLog [(null)] - 166/264已处理完成，成功:65，失败:101
2019-05-06 00:08:01,203 [16924] INFO  BusinessInfoSpider.Utility.AppLog [(null)] - 167/264已处理完成，成功:66，失败:101
2019-05-06 00:08:01,629 [12504] INFO  BusinessInfoSpider.Utility.AppLog [(null)] - 168/264已处理完成，成功:67，失败:101
2019-05-06 00:08:01,669 [5836] INFO  BusinessInfoSpider.Utility.AppLog [(null)] - 169/264已处理完成，成功:68，失败:101
2019-05-06 00:08:03,539 [22388] INFO  BusinessInfoSpider.Utility.AppLog [(null)] - 170/264已处理完成，成功:69，失败:101
2019-05-06 00:08:20,750 [16924] INFO  BusinessInfoSpider.Utility.AppLog [(null)] - 171/264已处理完成，成功:70，失败:101
2019-05-06 00:08:21,388 [12504] INFO  BusinessInfoSpider.Utility.AppLog [(null)] - 172/264已处理完成，成功:71，失败:101
2019-05-06 00:08:21,411 [5836] INFO  BusinessInfoSpider.Utility.AppLog [(null)] - 173/264已处理完成，成功:72，失败:101
2019-05-06 00:08:22,997 [22388] INFO  BusinessInfoSpider.Utility.AppLog [(null)] - 174/264已处理完成，成功:73，失败:101
2019-05-06 00:08:44,062 [5836] INFO  BusinessInfoSpider.Utility.AppLog [(null)] - 175/264已处理完成，成功:74，失败:101
2019-05-06 00:08:44,343 [22388] INFO  BusinessInfoSpider.Utility.AppLog [(null)] - 176/264已处理完成，成功:75，失败:101
2019-05-06 00:08:44,626 [16924] INFO  BusinessInfoSpider.Utility.AppLog [(null)] - 177/264已处理完成，成功:76，失败:101
2019-05-06 00:08:46,285 [12504] INFO  BusinessInfoSpider.Utility.AppLog [(null)] - 178/264已处理完成，成功:77，失败:101
2019-05-06 00:09:02,467 [5836] INFO  BusinessInfoSpider.Utility.AppLog [(null)] - 179/264已处理完成，成功:78，失败:101
2019-05-06 00:09:03,026 [16924] INFO  BusinessInfoSpider.Utility.AppLog [(null)] - 180/264已处理完成，成功:79，失败:101
2019-05-06 00:09:03,227 [22388] INFO  BusinessInfoSpider.Utility.AppLog [(null)] - 181/264已处理完成，成功:80，失败:101
2019-05-06 00:09:05,020 [12504] INFO  BusinessInfoSpider.Utility.AppLog [(null)] - 182/264已处理完成，成功:81，失败:101
2019-05-06 00:09:20,523 [5836] INFO  BusinessInfoSpider.Utility.AppLog [(null)] - 183/264已处理完成，成功:82，失败:101
2019-05-06 00:09:22,465 [16924] INFO  BusinessInfoSpider.Utility.AppLog [(null)] - 184/264已处理完成，成功:83，失败:101
2019-05-06 00:09:24,163 [22388] INFO  BusinessInfoSpider.Utility.AppLog [(null)] - 185/264已处理完成，成功:84，失败:101
2019-05-06 00:09:25,706 [12504] INFO  BusinessInfoSpider.Utility.AppLog [(null)] - 186/264已处理完成，成功:85，失败:101
2019-05-06 00:09:38,473 [5836] INFO  BusinessInfoSpider.Utility.AppLog [(null)] - 187/264已处理完成，成功:86，失败:101
2019-05-06 00:09:40,037 [16924] INFO  BusinessInfoSpider.Utility.AppLog [(null)] - 188/264已处理完成，成功:87，失败:101
2019-05-06 00:09:41,309 [22388] INFO  BusinessInfoSpider.Utility.AppLog [(null)] - 189/264已处理完成，成功:88，失败:101
2019-05-06 00:09:43,238 [12504] INFO  BusinessInfoSpider.Utility.AppLog [(null)] - 190/264已处理完成，成功:89，失败:101
2019-05-06 00:09:54,754 [5836] INFO  BusinessInfoSpider.Utility.AppLog [(null)] - 191/264已处理完成，成功:90，失败:101
2019-05-06 00:09:57,600 [16924] INFO  BusinessInfoSpider.Utility.AppLog [(null)] - 192/264已处理完成，成功:91，失败:101
2019-05-06 00:09:58,540 [22388] INFO  BusinessInfoSpider.Utility.AppLog [(null)] - 193/264已处理完成，成功:92，失败:101
2019-05-06 00:10:00,162 [12504] INFO  BusinessInfoSpider.Utility.AppLog [(null)] - 194/264已处理完成，成功:93，失败:101
2019-05-06 00:10:12,382 [5836] INFO  BusinessInfoSpider.Utility.AppLog [(null)] - 195/264已处理完成，成功:94，失败:101
2019-05-06 00:10:15,746 [16924] INFO  BusinessInfoSpider.Utility.AppLog [(null)] - 196/264已处理完成，成功:95，失败:101
2019-05-06 00:10:15,920 [22388] INFO  BusinessInfoSpider.Utility.AppLog [(null)] - 197/264已处理完成，成功:96，失败:101
2019-05-06 00:10:18,001 [12504] INFO  BusinessInfoSpider.Utility.AppLog [(null)] - 198/264已处理完成，成功:97，失败:101
2019-05-06 00:10:28,588 [5836] INFO  BusinessInfoSpider.Utility.AppLog [(null)] - 199/264已处理完成，成功:98，失败:101
2019-05-06 00:10:32,044 [16924] INFO  BusinessInfoSpider.Utility.AppLog [(null)] - 200/264已处理完成，成功:99，失败:101
2019-05-06 00:10:32,737 [22388] INFO  BusinessInfoSpider.Utility.AppLog [(null)] - 201/264已处理完成，成功:100，失败:101
2019-05-06 00:10:35,033 [12504] INFO  BusinessInfoSpider.Utility.AppLog [(null)] - 202/264已处理完成，成功:101，失败:101
2019-05-06 00:10:47,626 [5836] INFO  BusinessInfoSpider.Utility.AppLog [(null)] - 203/264已处理完成，成功:102，失败:101
2019-05-06 00:10:51,091 [16924] INFO  BusinessInfoSpider.Utility.AppLog [(null)] - 204/264已处理完成，成功:103，失败:101
2019-05-06 00:10:52,611 [22388] INFO  BusinessInfoSpider.Utility.AppLog [(null)] - 205/264已处理完成，成功:104，失败:101
2019-05-06 00:10:56,228 [12504] INFO  BusinessInfoSpider.Utility.AppLog [(null)] - 206/264已处理完成，成功:105，失败:101
2019-05-06 00:11:06,800 [5836] INFO  BusinessInfoSpider.Utility.AppLog [(null)] - 207/264已处理完成，成功:106，失败:101
2019-05-06 00:11:14,458 [22388] INFO  BusinessInfoSpider.Utility.AppLog [(null)] - 208/264已处理完成，成功:107，失败:101
2019-05-06 00:11:16,248 [16924] INFO  BusinessInfoSpider.Utility.AppLog [(null)] - 209/264已处理完成，成功:108，失败:101
2019-05-06 00:11:22,763 [12504] INFO  BusinessInfoSpider.Utility.AppLog [(null)] - 210/264已处理完成，成功:109，失败:101
2019-05-06 00:11:25,316 [5836] INFO  BusinessInfoSpider.Utility.AppLog [(null)] - 211/264已处理完成，成功:110，失败:101
2019-05-06 00:11:32,554 [22388] INFO  BusinessInfoSpider.Utility.AppLog [(null)] - 212/264已处理完成，成功:111，失败:101
2019-05-06 00:11:34,232 [16924] INFO  BusinessInfoSpider.Utility.AppLog [(null)] - 213/264已处理完成，成功:112，失败:101
2019-05-06 00:11:39,448 [12504] INFO  BusinessInfoSpider.Utility.AppLog [(null)] - 214/264已处理完成，成功:113，失败:101
2019-05-06 00:11:42,607 [5836] INFO  BusinessInfoSpider.Utility.AppLog [(null)] - 215/264已处理完成，成功:114，失败:101
2019-05-06 00:11:49,472 [22388] INFO  BusinessInfoSpider.Utility.AppLog [(null)] - 216/264已处理完成，成功:115，失败:101
2019-05-06 00:11:50,304 [16924] INFO  BusinessInfoSpider.Utility.AppLog [(null)] - 217/264已处理完成，成功:116，失败:101
2019-05-06 00:11:54,103 [5836] INFO  BusinessInfoSpider.Utility.AppLog [(null)] - 处理失败http://search.ccgp.gov.cn/bxsearch?searchtype=1&page_index=51&bidSort=0&buyerName=&projectId=&pinMu=0&bidType=1&dbselect=bidx&kw=&start_time=2019:05:06&end_time=2019:04:29&timeType=6&displayZone=&zoneId=&pppStatus=0&agentName=:Data too long for column 'Money' at row 1
2019-05-06 00:11:54,103 [5836] INFO  BusinessInfoSpider.Utility.AppLog [(null)] - 218/264已处理完成，成功:116，失败:102
2019-05-06 00:11:56,077 [12504] INFO  BusinessInfoSpider.Utility.AppLog [(null)] - 219/264已处理完成，成功:117，失败:102
2019-05-06 00:12:07,509 [22388] INFO  BusinessInfoSpider.Utility.AppLog [(null)] - 220/264已处理完成，成功:118，失败:102
2019-05-06 00:12:08,551 [16924] INFO  BusinessInfoSpider.Utility.AppLog [(null)] - 221/264已处理完成，成功:119，失败:102
2019-05-06 00:12:11,482 [5836] INFO  BusinessInfoSpider.Utility.AppLog [(null)] - 222/264已处理完成，成功:120，失败:102
2019-05-06 00:12:15,893 [12504] INFO  BusinessInfoSpider.Utility.AppLog [(null)] - 223/264已处理完成，成功:121，失败:102
2019-05-06 00:12:27,400 [22388] INFO  BusinessInfoSpider.Utility.AppLog [(null)] - 224/264已处理完成，成功:122，失败:102
2019-05-06 00:12:27,744 [16924] INFO  BusinessInfoSpider.Utility.AppLog [(null)] - 225/264已处理完成，成功:123，失败:102
2019-05-06 00:12:30,009 [5836] INFO  BusinessInfoSpider.Utility.AppLog [(null)] - 226/264已处理完成，成功:124，失败:102
2019-05-06 00:12:36,204 [12504] INFO  BusinessInfoSpider.Utility.AppLog [(null)] - 227/264已处理完成，成功:125，失败:102
2019-05-06 00:12:46,885 [22388] INFO  BusinessInfoSpider.Utility.AppLog [(null)] - 228/264已处理完成，成功:126，失败:102
2019-05-06 00:12:47,380 [16924] INFO  BusinessInfoSpider.Utility.AppLog [(null)] - 229/264已处理完成，成功:127，失败:102
2019-05-06 00:12:48,643 [5836] INFO  BusinessInfoSpider.Utility.AppLog [(null)] - 230/264已处理完成，成功:128，失败:102
2019-05-06 00:12:53,957 [12504] INFO  BusinessInfoSpider.Utility.AppLog [(null)] - 231/264已处理完成，成功:129，失败:102
2019-05-06 00:13:04,870 [22388] INFO  BusinessInfoSpider.Utility.AppLog [(null)] - 232/264已处理完成，成功:130，失败:102
2019-05-06 00:13:06,171 [5836] INFO  BusinessInfoSpider.Utility.AppLog [(null)] - 233/264已处理完成，成功:131，失败:102
2019-05-06 00:13:06,949 [16924] INFO  BusinessInfoSpider.Utility.AppLog [(null)] - 234/264已处理完成，成功:132，失败:102
2019-05-06 00:13:15,167 [12504] INFO  BusinessInfoSpider.Utility.AppLog [(null)] - 235/264已处理完成，成功:133，失败:102
2019-05-06 00:13:26,567 [22388] INFO  BusinessInfoSpider.Utility.AppLog [(null)] - 236/264已处理完成，成功:134，失败:102
2019-05-06 00:13:27,886 [5836] INFO  BusinessInfoSpider.Utility.AppLog [(null)] - 237/264已处理完成，成功:135，失败:102
2019-05-06 00:13:29,884 [16924] INFO  BusinessInfoSpider.Utility.AppLog [(null)] - 238/264已处理完成，成功:136，失败:102
2019-05-06 00:13:36,620 [12504] INFO  BusinessInfoSpider.Utility.AppLog [(null)] - 239/264已处理完成，成功:137，失败:102
2019-05-06 00:13:45,766 [22388] INFO  BusinessInfoSpider.Utility.AppLog [(null)] - 240/264已处理完成，成功:138，失败:102
2019-05-06 00:13:46,642 [5836] INFO  BusinessInfoSpider.Utility.AppLog [(null)] - 241/264已处理完成，成功:139，失败:102
2019-05-06 00:13:48,028 [16924] INFO  BusinessInfoSpider.Utility.AppLog [(null)] - 242/264已处理完成，成功:140，失败:102
2019-05-06 00:13:54,785 [12504] INFO  BusinessInfoSpider.Utility.AppLog [(null)] - 243/264已处理完成，成功:141，失败:102
2019-05-06 00:14:05,341 [22388] INFO  BusinessInfoSpider.Utility.AppLog [(null)] - 244/264已处理完成，成功:142，失败:102
2019-05-06 00:14:05,680 [5836] INFO  BusinessInfoSpider.Utility.AppLog [(null)] - 245/264已处理完成，成功:143，失败:102
2019-05-06 00:14:07,260 [16924] INFO  BusinessInfoSpider.Utility.AppLog [(null)] - 246/264已处理完成，成功:144，失败:102
2019-05-06 00:14:15,984 [12504] INFO  BusinessInfoSpider.Utility.AppLog [(null)] - 247/264已处理完成，成功:145，失败:102
2019-05-06 00:14:20,812 [12504] INFO  BusinessInfoSpider.Utility.AppLog [(null)] - 248/264已处理完成，成功:146，失败:102
2019-05-06 00:14:23,340 [5836] INFO  BusinessInfoSpider.Utility.AppLog [(null)] - 249/264已处理完成，成功:147，失败:102
2019-05-06 00:14:23,701 [22388] INFO  BusinessInfoSpider.Utility.AppLog [(null)] - 250/264已处理完成，成功:148，失败:102
2019-05-06 00:14:26,288 [16924] INFO  BusinessInfoSpider.Utility.AppLog [(null)] - 251/264已处理完成，成功:149，失败:102
2019-05-06 00:14:37,760 [22388] INFO  BusinessInfoSpider.Utility.AppLog [(null)] - 252/264已处理完成，成功:150，失败:102
2019-05-06 00:14:41,475 [5836] INFO  BusinessInfoSpider.Utility.AppLog [(null)] - 253/264已处理完成，成功:151，失败:102
2019-05-06 00:14:46,103 [16924] INFO  BusinessInfoSpider.Utility.AppLog [(null)] - 254/264已处理完成，成功:152，失败:102
2019-05-06 00:14:53,223 [5836] INFO  BusinessInfoSpider.Utility.AppLog [(null)] - 255/264已处理完成，成功:153，失败:102
2019-05-06 00:14:55,369 [22388] INFO  BusinessInfoSpider.Utility.AppLog [(null)] - 256/264已处理完成，成功:154，失败:102
2019-05-06 00:15:02,600 [16924] INFO  BusinessInfoSpider.Utility.AppLog [(null)] - 257/264已处理完成，成功:155，失败:102
2019-05-06 00:15:08,098 [22388] INFO  BusinessInfoSpider.Utility.AppLog [(null)] - 258/264已处理完成，成功:156，失败:102
2019-05-06 00:15:10,767 [5836] INFO  BusinessInfoSpider.Utility.AppLog [(null)] - 259/264已处理完成，成功:157，失败:102
2019-05-06 00:15:14,498 [16924] INFO  BusinessInfoSpider.Utility.AppLog [(null)] - 260/264已处理完成，成功:158，失败:102
2019-05-06 00:15:21,540 [5836] INFO  BusinessInfoSpider.Utility.AppLog [(null)] - 261/264已处理完成，成功:159，失败:102
2019-05-06 00:15:32,518 [5836] INFO  BusinessInfoSpider.Utility.AppLog [(null)] - 262/264已处理完成，成功:160，失败:102
2019-05-06 00:15:45,467 [5836] INFO  BusinessInfoSpider.Utility.AppLog [(null)] - 263/264已处理完成，成功:161，失败:102
2019-05-06 00:16:00,227 [5836] INFO  BusinessInfoSpider.Utility.AppLog [(null)] - 264/264已处理完成，成功:162，失败:102
2019-05-06 00:20:48,168 [8764] INFO  BusinessInfoSpider.Utility.AppLog [(null)] - 中国政府采购网:检测到264个待抓取页面，处理线程数:3
2019-05-06 00:20:48,198 [8764] INFO  BusinessInfoSpider.Utility.AppLog [(null)] - 中国政府采购网:已启动第0个线程开始处理
2019-05-06 00:20:58,201 [8764] INFO  BusinessInfoSpider.Utility.AppLog [(null)] - 中国政府采购网:已启动第1个线程开始处理
2019-05-06 00:21:00,007 [1092] INFO  BusinessInfoSpider.Utility.AppLog [(null)] - 1/264已处理完成，成功:1，失败:0
2019-05-06 00:21:08,202 [8764] INFO  BusinessInfoSpider.Utility.AppLog [(null)] - 中国政府采购网:已启动第2个线程开始处理
2019-05-06 00:21:08,705 [5000] INFO  BusinessInfoSpider.Utility.AppLog [(null)] - 2/264已处理完成，成功:2，失败:0
2019-05-06 00:21:10,584 [1092] INFO  BusinessInfoSpider.Utility.AppLog [(null)] - 3/264已处理完成，成功:3，失败:0
2019-05-06 00:21:15,361 [6976] INFO  BusinessInfoSpider.Utility.AppLog [(null)] - 4/264已处理完成，成功:4，失败:0
2019-05-06 00:21:17,339 [5000] INFO  BusinessInfoSpider.Utility.AppLog [(null)] - 5/264已处理完成，成功:5，失败:0
2019-05-06 00:21:18,984 [1092] INFO  BusinessInfoSpider.Utility.AppLog [(null)] - 6/264已处理完成，成功:6，失败:0
2019-05-06 00:21:23,338 [6976] INFO  BusinessInfoSpider.Utility.AppLog [(null)] - 7/264已处理完成，成功:7，失败:0
2019-05-06 00:21:24,542 [1092] INFO  BusinessInfoSpider.Utility.AppLog [(null)] - 处理失败http://search.ccgp.gov.cn/bxsearch?searchtype=1&page_index=4&bidSort=0&buyerName=&projectId=&pinMu=0&bidType=1&dbselect=bidx&kw=&start_time=2019:05:06&end_time=2019:04:29&timeType=6&displayZone=&zoneId=&pppStatus=0&agentName=:Data too long for column 'Money' at row 1
2019-05-06 00:21:24,542 [1092] INFO  BusinessInfoSpider.Utility.AppLog [(null)] - 8/264已处理完成，成功:7，失败:1
2019-05-06 00:21:26,913 [5000] INFO  BusinessInfoSpider.Utility.AppLog [(null)] - 9/264已处理完成，成功:8，失败:1
2019-05-06 00:21:29,273 [6976] INFO  BusinessInfoSpider.Utility.AppLog [(null)] - 10/264已处理完成，成功:9，失败:1
2019-05-06 00:21:32,556 [6976] INFO  BusinessInfoSpider.Utility.AppLog [(null)] - 11/264已处理完成，成功:10，失败:1
2019-05-06 00:21:33,373 [1092] INFO  BusinessInfoSpider.Utility.AppLog [(null)] - 12/264已处理完成，成功:11，失败:1
2019-05-06 00:21:36,537 [5000] INFO  BusinessInfoSpider.Utility.AppLog [(null)] - 13/264已处理完成，成功:12，失败:1
2019-05-06 00:21:36,619 [6976] INFO  BusinessInfoSpider.Utility.AppLog [(null)] - 14/264已处理完成，成功:13，失败:1
2019-05-06 00:21:42,423 [1092] INFO  BusinessInfoSpider.Utility.AppLog [(null)] - 15/264已处理完成，成功:14，失败:1
2019-05-06 00:21:46,682 [5000] INFO  BusinessInfoSpider.Utility.AppLog [(null)] - 16/264已处理完成，成功:15，失败:1
2019-05-06 00:21:46,704 [6976] INFO  BusinessInfoSpider.Utility.AppLog [(null)] - 17/264已处理完成，成功:16，失败:1
2019-05-06 00:21:51,288 [6976] INFO  BusinessInfoSpider.Utility.AppLog [(null)] - 18/264已处理完成，成功:17，失败:1
2019-05-06 00:21:54,241 [1092] INFO  BusinessInfoSpider.Utility.AppLog [(null)] - 19/264已处理完成，成功:18，失败:1
2019-05-06 00:21:57,962 [5000] INFO  BusinessInfoSpider.Utility.AppLog [(null)] - 20/264已处理完成，成功:19，失败:1
2019-05-06 00:21:58,069 [6976] INFO  BusinessInfoSpider.Utility.AppLog [(null)] - 21/264已处理完成，成功:20，失败:1
2019-05-06 00:22:07,414 [1092] INFO  BusinessInfoSpider.Utility.AppLog [(null)] - 22/264已处理完成，成功:21，失败:1
2019-05-06 00:22:08,553 [5000] INFO  BusinessInfoSpider.Utility.AppLog [(null)] - 23/264已处理完成，成功:22，失败:1
2019-05-06 00:22:09,387 [6976] INFO  BusinessInfoSpider.Utility.AppLog [(null)] - 24/264已处理完成，成功:23，失败:1
2019-05-06 00:22:17,516 [6976] INFO  BusinessInfoSpider.Utility.AppLog [(null)] - 25/264已处理完成，成功:24，失败:1
2019-05-06 00:22:21,741 [1092] INFO  BusinessInfoSpider.Utility.AppLog [(null)] - 26/264已处理完成，成功:25，失败:1
2019-05-06 00:22:23,200 [5000] INFO  BusinessInfoSpider.Utility.AppLog [(null)] - 27/264已处理完成，成功:26，失败:1
2019-05-06 00:22:29,338 [6976] INFO  BusinessInfoSpider.Utility.AppLog [(null)] - 28/264已处理完成，成功:27，失败:1
2019-05-06 00:22:32,065 [5000] INFO  BusinessInfoSpider.Utility.AppLog [(null)] - 处理失败http://search.ccgp.gov.cn/bxsearch?searchtype=1&page_index=97&bidSort=0&buyerName=&projectId=&pinMu=0&bidType=1&dbselect=bidx&kw=&start_time=2019:05:06&end_time=2019:04:29&timeType=6&displayZone=&zoneId=&pppStatus=0&agentName=:Data too long for column 'Money' at row 1
2019-05-06 00:22:32,065 [5000] INFO  BusinessInfoSpider.Utility.AppLog [(null)] - 29/264已处理完成，成功:27，失败:2
2019-05-06 00:22:38,281 [1092] INFO  BusinessInfoSpider.Utility.AppLog [(null)] - 30/264已处理完成，成功:28，失败:2
2019-05-06 00:22:45,763 [6976] INFO  BusinessInfoSpider.Utility.AppLog [(null)] - 31/264已处理完成，成功:29，失败:2
2019-05-06 00:22:47,824 [5000] INFO  BusinessInfoSpider.Utility.AppLog [(null)] - 32/264已处理完成，成功:30，失败:2
2019-05-06 00:22:48,967 [1092] INFO  BusinessInfoSpider.Utility.AppLog [(null)] - 33/264已处理完成，成功:31，失败:2
2019-05-06 00:22:59,355 [6976] INFO  BusinessInfoSpider.Utility.AppLog [(null)] - 34/264已处理完成，成功:32，失败:2
2019-05-06 00:23:05,584 [5000] INFO  BusinessInfoSpider.Utility.AppLog [(null)] - 35/264已处理完成，成功:33，失败:2
2019-05-06 00:23:06,920 [1092] INFO  BusinessInfoSpider.Utility.AppLog [(null)] - 36/264已处理完成，成功:34，失败:2
2019-05-06 00:23:07,866 [5000] INFO  BusinessInfoSpider.Utility.AppLog [(null)] - 37/264已处理完成，成功:35，失败:2
2019-05-06 00:23:09,748 [5000] INFO  BusinessInfoSpider.Utility.AppLog [(null)] - 38/264已处理完成，成功:36，失败:2
2019-05-06 00:23:10,858 [6976] INFO  BusinessInfoSpider.Utility.AppLog [(null)] - 39/264已处理完成，成功:37，失败:2
2019-05-06 00:23:16,718 [6976] INFO  BusinessInfoSpider.Utility.AppLog [(null)] - 40/264已处理完成，成功:38，失败:2
2019-05-06 00:23:18,657 [5000] INFO  BusinessInfoSpider.Utility.AppLog [(null)] - 41/264已处理完成，成功:39，失败:2
2019-05-06 00:23:19,107 [1092] INFO  BusinessInfoSpider.Utility.AppLog [(null)] - 42/264已处理完成，成功:40，失败:2
2019-05-06 00:23:25,389 [6976] INFO  BusinessInfoSpider.Utility.AppLog [(null)] - 43/264已处理完成，成功:41，失败:2
2019-05-06 00:23:29,202 [6976] INFO  BusinessInfoSpider.Utility.AppLog [(null)] - 44/264已处理完成，成功:42，失败:2
2019-05-06 00:23:29,502 [5000] INFO  BusinessInfoSpider.Utility.AppLog [(null)] - 45/264已处理完成，成功:43，失败:2
2019-05-06 00:23:29,636 [1092] INFO  BusinessInfoSpider.Utility.AppLog [(null)] - 46/264已处理完成，成功:44，失败:2
2019-05-06 00:23:41,082 [5000] INFO  BusinessInfoSpider.Utility.AppLog [(null)] - 47/264已处理完成，成功:45，失败:2
2019-05-06 00:23:41,969 [6976] INFO  BusinessInfoSpider.Utility.AppLog [(null)] - 48/264已处理完成，成功:46，失败:2
2019-05-06 00:23:44,615 [1092] INFO  BusinessInfoSpider.Utility.AppLog [(null)] - 49/264已处理完成，成功:47，失败:2
2019-05-06 00:23:45,099 [5000] INFO  BusinessInfoSpider.Utility.AppLog [(null)] - 50/264已处理完成，成功:48，失败:2
2019-05-06 00:23:45,367 [6976] INFO  BusinessInfoSpider.Utility.AppLog [(null)] - 51/264已处理完成，成功:49，失败:2
2019-05-06 00:23:46,957 [5000] INFO  BusinessInfoSpider.Utility.AppLog [(null)] - 52/264已处理完成，成功:50，失败:2
2019-05-06 00:23:49,622 [6976] INFO  BusinessInfoSpider.Utility.AppLog [(null)] - 53/264已处理完成，成功:51，失败:2
2019-05-06 00:23:50,462 [5000] INFO  BusinessInfoSpider.Utility.AppLog [(null)] - 54/264已处理完成，成功:52，失败:2
2019-05-06 00:23:58,366 [1092] INFO  BusinessInfoSpider.Utility.AppLog [(null)] - 55/264已处理完成，成功:53，失败:2
2019-05-06 00:23:58,965 [6976] INFO  BusinessInfoSpider.Utility.AppLog [(null)] - 56/264已处理完成，成功:54，失败:2
2019-05-06 00:24:03,246 [5000] INFO  BusinessInfoSpider.Utility.AppLog [(null)] - 57/264已处理完成，成功:55，失败:2
2019-05-06 00:24:07,321 [6976] INFO  BusinessInfoSpider.Utility.AppLog [(null)] - 58/264已处理完成，成功:56，失败:2
2019-05-06 00:24:10,345 [1092] INFO  BusinessInfoSpider.Utility.AppLog [(null)] - 59/264已处理完成，成功:57，失败:2
2019-05-06 00:24:16,138 [6976] INFO  BusinessInfoSpider.Utility.AppLog [(null)] - 60/264已处理完成，成功:58，失败:2
2019-05-06 00:24:17,859 [5000] INFO  BusinessInfoSpider.Utility.AppLog [(null)] - 61/264已处理完成，成功:59，失败:2
2019-05-06 00:24:22,054 [1092] INFO  BusinessInfoSpider.Utility.AppLog [(null)] - 62/264已处理完成，成功:60，失败:2
2019-05-06 00:24:28,725 [6976] INFO  BusinessInfoSpider.Utility.AppLog [(null)] - 63/264已处理完成，成功:61，失败:2
2019-05-06 00:24:32,023 [5000] INFO  BusinessInfoSpider.Utility.AppLog [(null)] - 64/264已处理完成，成功:62，失败:2
2019-05-06 00:24:37,325 [1092] INFO  BusinessInfoSpider.Utility.AppLog [(null)] - 65/264已处理完成，成功:63，失败:2
2019-05-06 00:24:40,598 [6976] INFO  BusinessInfoSpider.Utility.AppLog [(null)] - 66/264已处理完成，成功:64，失败:2
2019-05-06 00:24:40,663 [5000] INFO  BusinessInfoSpider.Utility.AppLog [(null)] - 67/264已处理完成，成功:65，失败:2
2019-05-06 00:24:46,880 [1092] INFO  BusinessInfoSpider.Utility.AppLog [(null)] - 68/264已处理完成，成功:66，失败:2
2019-05-06 00:24:47,830 [5000] INFO  BusinessInfoSpider.Utility.AppLog [(null)] - 69/264已处理完成，成功:67，失败:2
2019-05-06 00:24:49,738 [6976] INFO  BusinessInfoSpider.Utility.AppLog [(null)] - 70/264已处理完成，成功:68，失败:2
2019-05-06 00:24:53,864 [5000] INFO  BusinessInfoSpider.Utility.AppLog [(null)] - 71/264已处理完成，成功:69，失败:2
2019-05-06 00:24:55,867 [5000] INFO  BusinessInfoSpider.Utility.AppLog [(null)] - 72/264已处理完成，成功:70，失败:2
2019-05-06 00:24:58,338 [5000] INFO  BusinessInfoSpider.Utility.AppLog [(null)] - 73/264已处理完成，成功:71，失败:2
2019-05-06 00:24:59,768 [1092] INFO  BusinessInfoSpider.Utility.AppLog [(null)] - 74/264已处理完成，成功:72，失败:2
2019-05-06 00:25:01,413 [5000] INFO  BusinessInfoSpider.Utility.AppLog [(null)] - 75/264已处理完成，成功:73，失败:2
2019-05-06 00:25:02,997 [6976] INFO  BusinessInfoSpider.Utility.AppLog [(null)] - 76/264已处理完成，成功:74，失败:2
2019-05-06 00:25:04,391 [5000] INFO  BusinessInfoSpider.Utility.AppLog [(null)] - 77/264已处理完成，成功:75，失败:2
2019-05-06 00:25:11,183 [5000] INFO  BusinessInfoSpider.Utility.AppLog [(null)] - 78/264已处理完成，成功:76，失败:2
2019-05-06 00:25:14,789 [1092] INFO  BusinessInfoSpider.Utility.AppLog [(null)] - 79/264已处理完成，成功:77，失败:2
2019-05-06 00:25:16,117 [6976] INFO  BusinessInfoSpider.Utility.AppLog [(null)] - 80/264已处理完成，成功:78，失败:2
2019-05-06 00:25:25,731 [5000] INFO  BusinessInfoSpider.Utility.AppLog [(null)] - 81/264已处理完成，成功:79，失败:2
2019-05-06 00:25:26,024 [1092] INFO  BusinessInfoSpider.Utility.AppLog [(null)] - 82/264已处理完成，成功:80，失败:2
2019-05-06 00:25:34,590 [5000] INFO  BusinessInfoSpider.Utility.AppLog [(null)] - 83/264已处理完成，成功:81，失败:2
2019-05-06 00:25:35,427 [6976] INFO  BusinessInfoSpider.Utility.AppLog [(null)] - 84/264已处理完成，成功:82，失败:2
2019-05-06 00:25:43,850 [1092] INFO  BusinessInfoSpider.Utility.AppLog [(null)] - 85/264已处理完成，成功:83，失败:2
2019-05-06 00:25:43,950 [5000] INFO  BusinessInfoSpider.Utility.AppLog [(null)] - 86/264已处理完成，成功:84，失败:2
2019-05-06 00:25:54,091 [6976] INFO  BusinessInfoSpider.Utility.AppLog [(null)] - 87/264已处理完成，成功:85，失败:2
2019-05-06 00:25:54,881 [1092] INFO  BusinessInfoSpider.Utility.AppLog [(null)] - 88/264已处理完成，成功:86，失败:2
2019-05-06 00:25:56,145 [5000] INFO  BusinessInfoSpider.Utility.AppLog [(null)] - 89/264已处理完成，成功:87，失败:2
2019-05-06 00:26:05,382 [5000] INFO  BusinessInfoSpider.Utility.AppLog [(null)] - 90/264已处理完成，成功:88，失败:2
2019-05-06 00:26:09,185 [1092] INFO  BusinessInfoSpider.Utility.AppLog [(null)] - 91/264已处理完成，成功:89，失败:2
2019-05-06 00:26:11,861 [6976] INFO  BusinessInfoSpider.Utility.AppLog [(null)] - 92/264已处理完成，成功:90，失败:2
2019-05-06 00:26:18,384 [5000] INFO  BusinessInfoSpider.Utility.AppLog [(null)] - 93/264已处理完成，成功:91，失败:2
2019-05-06 00:26:23,451 [1092] INFO  BusinessInfoSpider.Utility.AppLog [(null)] - 94/264已处理完成，成功:92，失败:2
2019-05-06 00:26:23,452 [5000] INFO  BusinessInfoSpider.Utility.AppLog [(null)] - 95/264已处理完成，成功:93，失败:2
2019-05-06 00:26:25,783 [5000] INFO  BusinessInfoSpider.Utility.AppLog [(null)] - 96/264已处理完成，成功:94，失败:2
2019-05-06 00:26:26,773 [6976] INFO  BusinessInfoSpider.Utility.AppLog [(null)] - 97/264已处理完成，成功:95，失败:2
2019-05-06 00:26:33,076 [5000] INFO  BusinessInfoSpider.Utility.AppLog [(null)] - 98/264已处理完成，成功:96，失败:2
2019-05-06 00:26:34,387 [1092] INFO  BusinessInfoSpider.Utility.AppLog [(null)] - 99/264已处理完成，成功:97，失败:2
2019-05-06 00:26:42,776 [6976] INFO  BusinessInfoSpider.Utility.AppLog [(null)] - 100/264已处理完成，成功:98，失败:2
2019-05-06 00:26:42,928 [5000] INFO  BusinessInfoSpider.Utility.AppLog [(null)] - 101/264已处理完成，成功:99，失败:2
2019-05-06 00:26:44,403 [1092] INFO  BusinessInfoSpider.Utility.AppLog [(null)] - 102/264已处理完成，成功:100，失败:2
2019-05-06 00:26:52,339 [5000] INFO  BusinessInfoSpider.Utility.AppLog [(null)] - 103/264已处理完成，成功:101，失败:2
2019-05-06 00:26:54,588 [1092] INFO  BusinessInfoSpider.Utility.AppLog [(null)] - 104/264已处理完成，成功:102，失败:2
2019-05-06 00:26:58,566 [5000] INFO  BusinessInfoSpider.Utility.AppLog [(null)] - 105/264已处理完成，成功:103，失败:2
2019-05-06 00:26:59,346 [6976] INFO  BusinessInfoSpider.Utility.AppLog [(null)] - 106/264已处理完成，成功:104，失败:2
2019-05-06 00:27:02,552 [5000] INFO  BusinessInfoSpider.Utility.AppLog [(null)] - 107/264已处理完成，成功:105，失败:2
2019-05-06 00:27:03,251 [1092] INFO  BusinessInfoSpider.Utility.AppLog [(null)] - 108/264已处理完成，成功:106，失败:2
2019-05-06 00:27:10,445 [6976] INFO  BusinessInfoSpider.Utility.AppLog [(null)] - 109/264已处理完成，成功:107，失败:2
2019-05-06 00:27:10,900 [5000] INFO  BusinessInfoSpider.Utility.AppLog [(null)] - 110/264已处理完成，成功:108，失败:2
2019-05-06 00:27:12,746 [1092] INFO  BusinessInfoSpider.Utility.AppLog [(null)] - 111/264已处理完成，成功:109，失败:2
2019-05-06 00:27:12,833 [5000] INFO  BusinessInfoSpider.Utility.AppLog [(null)] - 112/264已处理完成，成功:110，失败:2
2019-05-06 00:27:23,144 [6976] INFO  BusinessInfoSpider.Utility.AppLog [(null)] - 113/264已处理完成，成功:111，失败:2
2019-05-06 00:27:23,145 [1092] INFO  BusinessInfoSpider.Utility.AppLog [(null)] - 114/264已处理完成，成功:112，失败:2
2019-05-06 00:27:23,362 [5000] INFO  BusinessInfoSpider.Utility.AppLog [(null)] - 115/264已处理完成，成功:113，失败:2
2019-05-06 00:27:29,285 [5000] INFO  BusinessInfoSpider.Utility.AppLog [(null)] - 116/264已处理完成，成功:114，失败:2
2019-05-06 00:27:29,943 [1092] INFO  BusinessInfoSpider.Utility.AppLog [(null)] - 117/264已处理完成，成功:115，失败:2
2019-05-06 00:27:31,869 [1092] INFO  BusinessInfoSpider.Utility.AppLog [(null)] - 118/264已处理完成，成功:116，失败:2
2019-05-06 00:27:34,041 [6976] INFO  BusinessInfoSpider.Utility.AppLog [(null)] - 119/264已处理完成，成功:117，失败:2
2019-05-06 00:27:34,309 [5000] INFO  BusinessInfoSpider.Utility.AppLog [(null)] - 120/264已处理完成，成功:118，失败:2
2019-05-06 00:27:35,906 [1092] INFO  BusinessInfoSpider.Utility.AppLog [(null)] - 121/264已处理完成，成功:119，失败:2
2019-05-06 00:27:37,408 [5000] INFO  BusinessInfoSpider.Utility.AppLog [(null)] - 122/264已处理完成，成功:120，失败:2
2019-05-06 00:27:38,284 [1092] INFO  BusinessInfoSpider.Utility.AppLog [(null)] - 123/264已处理完成，成功:121，失败:2
2019-05-06 00:27:40,289 [5000] INFO  BusinessInfoSpider.Utility.AppLog [(null)] - 124/264已处理完成，成功:122，失败:2
2019-05-06 00:27:42,494 [1092] INFO  BusinessInfoSpider.Utility.AppLog [(null)] - 125/264已处理完成，成功:123，失败:2
2019-05-06 00:27:42,802 [6976] INFO  BusinessInfoSpider.Utility.AppLog [(null)] - 126/264已处理完成，成功:124，失败:2
2019-05-06 00:27:44,531 [1092] INFO  BusinessInfoSpider.Utility.AppLog [(null)] - 127/264已处理完成，成功:125，失败:2
2019-05-06 00:27:45,786 [5000] INFO  BusinessInfoSpider.Utility.AppLog [(null)] - 128/264已处理完成，成功:126，失败:2
2019-05-06 00:27:57,541 [6976] INFO  BusinessInfoSpider.Utility.AppLog [(null)] - 129/264已处理完成，成功:127，失败:2
2019-05-06 00:27:57,748 [1092] INFO  BusinessInfoSpider.Utility.AppLog [(null)] - 130/264已处理完成，成功:128，失败:2
2019-05-06 00:28:01,891 [5000] INFO  BusinessInfoSpider.Utility.AppLog [(null)] - 131/264已处理完成，成功:129，失败:2
2019-05-06 00:28:10,402 [6976] INFO  BusinessInfoSpider.Utility.AppLog [(null)] - 132/264已处理完成，成功:130，失败:2
2019-05-06 00:28:11,411 [1092] INFO  BusinessInfoSpider.Utility.AppLog [(null)] - 133/264已处理完成，成功:131，失败:2
2019-05-06 00:28:18,826 [5000] INFO  BusinessInfoSpider.Utility.AppLog [(null)] - 134/264已处理完成，成功:132，失败:2
2019-05-06 00:28:25,736 [6976] INFO  BusinessInfoSpider.Utility.AppLog [(null)] - 135/264已处理完成，成功:133，失败:2
2019-05-06 00:28:26,125 [1092] INFO  BusinessInfoSpider.Utility.AppLog [(null)] - 136/264已处理完成，成功:134，失败:2
2019-05-06 00:28:38,014 [5000] INFO  BusinessInfoSpider.Utility.AppLog [(null)] - 137/264已处理完成，成功:135，失败:2
2019-05-06 00:28:38,638 [1092] INFO  BusinessInfoSpider.Utility.AppLog [(null)] - 138/264已处理完成，成功:136，失败:2
2019-05-06 00:28:44,619 [6976] INFO  BusinessInfoSpider.Utility.AppLog [(null)] - 139/264已处理完成，成功:137，失败:2
2019-05-06 00:28:50,775 [1092] INFO  BusinessInfoSpider.Utility.AppLog [(null)] - 140/264已处理完成，成功:138，失败:2
2019-05-06 00:28:54,606 [5000] INFO  BusinessInfoSpider.Utility.AppLog [(null)] - 141/264已处理完成，成功:139，失败:2
2019-05-06 00:28:58,380 [6976] INFO  BusinessInfoSpider.Utility.AppLog [(null)] - 142/264已处理完成，成功:140，失败:2
2019-05-06 00:29:04,455 [1092] INFO  BusinessInfoSpider.Utility.AppLog [(null)] - 143/264已处理完成，成功:141，失败:2
2019-05-06 00:29:09,258 [5000] INFO  BusinessInfoSpider.Utility.AppLog [(null)] - 144/264已处理完成，成功:142，失败:2
2019-05-06 00:29:17,118 [6976] INFO  BusinessInfoSpider.Utility.AppLog [(null)] - 145/264已处理完成，成功:143，失败:2
2019-05-06 00:29:21,682 [1092] INFO  BusinessInfoSpider.Utility.AppLog [(null)] - 146/264已处理完成，成功:144，失败:2
2019-05-06 00:29:22,206 [5000] INFO  BusinessInfoSpider.Utility.AppLog [(null)] - 147/264已处理完成，成功:145，失败:2
2019-05-06 00:29:29,183 [6976] INFO  BusinessInfoSpider.Utility.AppLog [(null)] - 148/264已处理完成，成功:146，失败:2
2019-05-06 00:29:32,189 [1092] INFO  BusinessInfoSpider.Utility.AppLog [(null)] - 149/264已处理完成，成功:147，失败:2
2019-05-06 00:29:34,838 [5000] INFO  BusinessInfoSpider.Utility.AppLog [(null)] - 150/264已处理完成，成功:148，失败:2
2019-05-06 00:29:38,860 [6976] INFO  BusinessInfoSpider.Utility.AppLog [(null)] - 151/264已处理完成，成功:149，失败:2
2019-05-06 00:29:39,994 [1092] INFO  BusinessInfoSpider.Utility.AppLog [(null)] - 152/264已处理完成，成功:150，失败:2
2019-05-06 00:29:44,734 [1092] INFO  BusinessInfoSpider.Utility.AppLog [(null)] - 153/264已处理完成，成功:151，失败:2
2019-05-06 00:29:48,955 [5000] INFO  BusinessInfoSpider.Utility.AppLog [(null)] - 154/264已处理完成，成功:152，失败:2
2019-05-06 00:29:49,697 [6976] INFO  BusinessInfoSpider.Utility.AppLog [(null)] - 155/264已处理完成，成功:153，失败:2
2019-05-06 00:29:50,058 [1092] INFO  BusinessInfoSpider.Utility.AppLog [(null)] - 156/264已处理完成，成功:154，失败:2
2019-05-06 00:29:57,470 [1092] INFO  BusinessInfoSpider.Utility.AppLog [(null)] - 处理失败http://search.ccgp.gov.cn/bxsearch?searchtype=1&page_index=51&bidSort=0&buyerName=&projectId=&pinMu=0&bidType=1&dbselect=bidx&kw=&start_time=2019:05:06&end_time=2019:04:29&timeType=6&displayZone=&zoneId=&pppStatus=0&agentName=:Data too long for column 'Money' at row 1
2019-05-06 00:29:57,470 [1092] INFO  BusinessInfoSpider.Utility.AppLog [(null)] - 157/264已处理完成，成功:154，失败:3
2019-05-06 00:29:58,021 [5000] INFO  BusinessInfoSpider.Utility.AppLog [(null)] - 158/264已处理完成，成功:155，失败:3
2019-05-06 00:29:58,300 [6976] INFO  BusinessInfoSpider.Utility.AppLog [(null)] - 159/264已处理完成，成功:156，失败:3
2019-05-06 00:29:59,492 [1092] INFO  BusinessInfoSpider.Utility.AppLog [(null)] - 160/264已处理完成，成功:157，失败:3
2019-05-06 00:30:06,877 [5000] INFO  BusinessInfoSpider.Utility.AppLog [(null)] - 161/264已处理完成，成功:158，失败:3
2019-05-06 00:30:07,134 [1092] INFO  BusinessInfoSpider.Utility.AppLog [(null)] - 162/264已处理完成，成功:159，失败:3
2019-05-06 00:30:07,759 [6976] INFO  BusinessInfoSpider.Utility.AppLog [(null)] - 163/264已处理完成，成功:160，失败:3
2019-05-06 00:30:09,665 [6976] INFO  BusinessInfoSpider.Utility.AppLog [(null)] - 处理失败http://search.ccgp.gov.cn/bxsearch?searchtype=1&page_index=226&bidSort=0&buyerName=&projectId=&pinMu=0&bidType=1&dbselect=bidx&kw=&start_time=2019:05:06&end_time=2019:04:29&timeType=6&displayZone=&zoneId=&pppStatus=0&agentName=:Data too long for column 'BusinessTitle' at row 1
2019-05-06 00:30:09,666 [6976] INFO  BusinessInfoSpider.Utility.AppLog [(null)] - 164/264已处理完成，成功:160，失败:4
2019-05-06 00:30:15,271 [1092] INFO  BusinessInfoSpider.Utility.AppLog [(null)] - 165/264已处理完成，成功:161，失败:4
2019-05-06 00:30:16,810 [5000] INFO  BusinessInfoSpider.Utility.AppLog [(null)] - 166/264已处理完成，成功:162，失败:4
2019-05-06 00:30:22,637 [1092] INFO  BusinessInfoSpider.Utility.AppLog [(null)] - 167/264已处理完成，成功:163，失败:4
2019-05-06 00:30:23,284 [6976] INFO  BusinessInfoSpider.Utility.AppLog [(null)] - 168/264已处理完成，成功:164，失败:4
2019-05-06 00:30:25,592 [1092] INFO  BusinessInfoSpider.Utility.AppLog [(null)] - 169/264已处理完成，成功:165，失败:4
2019-05-06 00:30:28,652 [5000] INFO  BusinessInfoSpider.Utility.AppLog [(null)] - 170/264已处理完成，成功:166，失败:4
2019-05-06 00:30:29,879 [1092] INFO  BusinessInfoSpider.Utility.AppLog [(null)] - 171/264已处理完成，成功:167，失败:4
2019-05-06 00:30:34,208 [1092] INFO  BusinessInfoSpider.Utility.AppLog [(null)] - 172/264已处理完成，成功:168，失败:4
2019-05-06 00:30:36,250 [6976] INFO  BusinessInfoSpider.Utility.AppLog [(null)] - 173/264已处理完成，成功:169，失败:4
2019-05-06 00:30:38,891 [1092] INFO  BusinessInfoSpider.Utility.AppLog [(null)] - 174/264已处理完成，成功:170，失败:4
2019-05-06 00:30:43,048 [5000] INFO  BusinessInfoSpider.Utility.AppLog [(null)] - 175/264已处理完成，成功:171，失败:4
2019-05-06 00:30:48,150 [6976] INFO  BusinessInfoSpider.Utility.AppLog [(null)] - 176/264已处理完成，成功:172，失败:4
2019-05-06 00:30:51,535 [1092] INFO  BusinessInfoSpider.Utility.AppLog [(null)] - 177/264已处理完成，成功:173，失败:4
2019-05-06 00:30:55,025 [5000] INFO  BusinessInfoSpider.Utility.AppLog [(null)] - 178/264已处理完成，成功:174，失败:4
2019-05-06 00:30:59,748 [6976] INFO  BusinessInfoSpider.Utility.AppLog [(null)] - 179/264已处理完成，成功:175，失败:4
2019-05-06 00:31:02,995 [1092] INFO  BusinessInfoSpider.Utility.AppLog [(null)] - 180/264已处理完成，成功:176，失败:4
2019-05-06 00:31:08,117 [5000] INFO  BusinessInfoSpider.Utility.AppLog [(null)] - 181/264已处理完成，成功:177，失败:4
2019-05-06 00:31:11,904 [1092] INFO  BusinessInfoSpider.Utility.AppLog [(null)] - 182/264已处理完成，成功:178，失败:4
2019-05-06 00:31:15,766 [6976] INFO  BusinessInfoSpider.Utility.AppLog [(null)] - 183/264已处理完成，成功:179，失败:4
2019-05-06 00:31:20,847 [5000] INFO  BusinessInfoSpider.Utility.AppLog [(null)] - 184/264已处理完成，成功:180，失败:4
2019-05-06 00:31:26,349 [1092] INFO  BusinessInfoSpider.Utility.AppLog [(null)] - 185/264已处理完成，成功:181，失败:4
2019-05-06 00:31:27,380 [6976] INFO  BusinessInfoSpider.Utility.AppLog [(null)] - 186/264已处理完成，成功:182，失败:4
2019-05-06 00:31:31,357 [5000] INFO  BusinessInfoSpider.Utility.AppLog [(null)] - 187/264已处理完成，成功:183，失败:4
2019-05-06 00:31:38,953 [1092] INFO  BusinessInfoSpider.Utility.AppLog [(null)] - 188/264已处理完成，成功:184，失败:4
2019-05-06 00:31:39,651 [6976] INFO  BusinessInfoSpider.Utility.AppLog [(null)] - 189/264已处理完成，成功:185，失败:4
2019-05-06 00:31:46,969 [5000] INFO  BusinessInfoSpider.Utility.AppLog [(null)] - 190/264已处理完成，成功:186，失败:4
2019-05-06 00:31:48,286 [1092] INFO  BusinessInfoSpider.Utility.AppLog [(null)] - 191/264已处理完成，成功:187，失败:4
2019-05-06 00:31:51,200 [6976] INFO  BusinessInfoSpider.Utility.AppLog [(null)] - 192/264已处理完成，成功:188，失败:4
2019-05-06 00:31:54,331 [6976] INFO  BusinessInfoSpider.Utility.AppLog [(null)] - 193/264已处理完成，成功:189，失败:4
2019-05-06 00:31:57,639 [5000] INFO  BusinessInfoSpider.Utility.AppLog [(null)] - 194/264已处理完成，成功:190，失败:4
2019-05-06 00:31:58,877 [6976] INFO  BusinessInfoSpider.Utility.AppLog [(null)] - 195/264已处理完成，成功:191，失败:4
2019-05-06 00:32:00,885 [1092] INFO  BusinessInfoSpider.Utility.AppLog [(null)] - 196/264已处理完成，成功:192，失败:4
2019-05-06 00:32:08,843 [5000] INFO  BusinessInfoSpider.Utility.AppLog [(null)] - 197/264已处理完成，成功:193，失败:4
2019-05-06 00:32:09,016 [6976] INFO  BusinessInfoSpider.Utility.AppLog [(null)] - 198/264已处理完成，成功:194，失败:4
2019-05-06 00:32:09,107 [1092] INFO  BusinessInfoSpider.Utility.AppLog [(null)] - 199/264已处理完成，成功:195，失败:4
2019-05-06 00:32:16,236 [6976] INFO  BusinessInfoSpider.Utility.AppLog [(null)] - 200/264已处理完成，成功:196，失败:4
2019-05-06 00:32:16,317 [5000] INFO  BusinessInfoSpider.Utility.AppLog [(null)] - 201/264已处理完成，成功:197，失败:4
2019-05-06 00:32:19,664 [1092] INFO  BusinessInfoSpider.Utility.AppLog [(null)] - 202/264已处理完成，成功:198，失败:4
2019-05-06 00:32:21,780 [6976] INFO  BusinessInfoSpider.Utility.AppLog [(null)] - 203/264已处理完成，成功:199，失败:4
2019-05-06 00:32:25,443 [5000] INFO  BusinessInfoSpider.Utility.AppLog [(null)] - 204/264已处理完成，成功:200，失败:4
2019-05-06 00:32:29,570 [1092] INFO  BusinessInfoSpider.Utility.AppLog [(null)] - 205/264已处理完成，成功:201，失败:4
2019-05-06 00:32:35,012 [6976] INFO  BusinessInfoSpider.Utility.AppLog [(null)] - 206/264已处理完成，成功:202，失败:4
2019-05-06 00:32:39,302 [1092] INFO  BusinessInfoSpider.Utility.AppLog [(null)] - 207/264已处理完成，成功:203，失败:4
2019-05-06 00:32:41,173 [5000] INFO  BusinessInfoSpider.Utility.AppLog [(null)] - 208/264已处理完成，成功:204，失败:4
2019-05-06 00:32:50,701 [1092] INFO  BusinessInfoSpider.Utility.AppLog [(null)] - 209/264已处理完成，成功:205，失败:4
2019-05-06 00:32:51,686 [6976] INFO  BusinessInfoSpider.Utility.AppLog [(null)] - 210/264已处理完成，成功:206，失败:4
2019-05-06 00:32:54,544 [5000] INFO  BusinessInfoSpider.Utility.AppLog [(null)] - 211/264已处理完成，成功:207，失败:4
2019-05-06 00:33:03,743 [1092] INFO  BusinessInfoSpider.Utility.AppLog [(null)] - 212/264已处理完成，成功:208，失败:4
2019-05-06 00:33:10,215 [6976] INFO  BusinessInfoSpider.Utility.AppLog [(null)] - 213/264已处理完成，成功:209，失败:4
2019-05-06 00:33:12,777 [5000] INFO  BusinessInfoSpider.Utility.AppLog [(null)] - 214/264已处理完成，成功:210，失败:4
2019-05-06 00:33:17,723 [1092] INFO  BusinessInfoSpider.Utility.AppLog [(null)] - 215/264已处理完成，成功:211，失败:4
2019-05-06 00:33:19,850 [6976] INFO  BusinessInfoSpider.Utility.AppLog [(null)] - 216/264已处理完成，成功:212，失败:4
2019-05-06 00:33:28,814 [5000] INFO  BusinessInfoSpider.Utility.AppLog [(null)] - 217/264已处理完成，成功:213，失败:4
2019-05-06 00:33:30,727 [6976] INFO  BusinessInfoSpider.Utility.AppLog [(null)] - 218/264已处理完成，成功:214，失败:4
2019-05-06 00:33:30,732 [1092] INFO  BusinessInfoSpider.Utility.AppLog [(null)] - 219/264已处理完成，成功:215，失败:4
2019-05-06 00:33:34,180 [5000] INFO  BusinessInfoSpider.Utility.AppLog [(null)] - 220/264已处理完成，成功:216，失败:4
2019-05-06 00:33:39,763 [6976] INFO  BusinessInfoSpider.Utility.AppLog [(null)] - 221/264已处理完成，成功:217，失败:4
2019-05-06 00:33:40,857 [1092] INFO  BusinessInfoSpider.Utility.AppLog [(null)] - 222/264已处理完成，成功:218，失败:4
2019-05-06 00:33:41,256 [5000] INFO  BusinessInfoSpider.Utility.AppLog [(null)] - 223/264已处理完成，成功:219，失败:4
2019-05-06 00:33:42,318 [6976] INFO  BusinessInfoSpider.Utility.AppLog [(null)] - 224/264已处理完成，成功:220，失败:4
2019-05-06 00:33:44,194 [5000] INFO  BusinessInfoSpider.Utility.AppLog [(null)] - 225/264已处理完成，成功:221，失败:4
2019-05-06 00:33:46,287 [6976] INFO  BusinessInfoSpider.Utility.AppLog [(null)] - 226/264已处理完成，成功:222，失败:4
2019-05-06 00:33:48,147 [5000] INFO  BusinessInfoSpider.Utility.AppLog [(null)] - 227/264已处理完成，成功:223，失败:4
2019-05-06 00:33:49,201 [6976] INFO  BusinessInfoSpider.Utility.AppLog [(null)] - 228/264已处理完成，成功:224，失败:4
2019-05-06 00:33:51,010 [6976] INFO  BusinessInfoSpider.Utility.AppLog [(null)] - 229/264已处理完成，成功:225，失败:4
2019-05-06 00:33:52,130 [1092] INFO  BusinessInfoSpider.Utility.AppLog [(null)] - 230/264已处理完成，成功:226，失败:4
2019-05-06 00:33:52,130 [5000] INFO  BusinessInfoSpider.Utility.AppLog [(null)] - 231/264已处理完成，成功:227，失败:4
2019-05-06 00:33:58,284 [5000] INFO  BusinessInfoSpider.Utility.AppLog [(null)] - 232/264已处理完成，成功:228，失败:4
2019-05-06 00:33:58,784 [6976] INFO  BusinessInfoSpider.Utility.AppLog [(null)] - 233/264已处理完成，成功:229，失败:4
2019-05-06 00:34:04,202 [1092] INFO  BusinessInfoSpider.Utility.AppLog [(null)] - 234/264已处理完成，成功:230，失败:4
2019-05-06 00:34:04,390 [5000] INFO  BusinessInfoSpider.Utility.AppLog [(null)] - 235/264已处理完成，成功:231，失败:4
2019-05-06 00:34:08,656 [6976] INFO  BusinessInfoSpider.Utility.AppLog [(null)] - 236/264已处理完成，成功:232，失败:4
2019-05-06 00:34:15,118 [1092] INFO  BusinessInfoSpider.Utility.AppLog [(null)] - 237/264已处理完成，成功:233，失败:4
2019-05-06 00:34:15,243 [5000] INFO  BusinessInfoSpider.Utility.AppLog [(null)] - 238/264已处理完成，成功:234，失败:4
2019-05-06 00:34:16,562 [1092] INFO  BusinessInfoSpider.Utility.AppLog [(null)] - 处理失败http://search.ccgp.gov.cn/bxsearch?searchtype=1&page_index=79&bidSort=0&buyerName=&projectId=&pinMu=0&bidType=1&dbselect=bidx&kw=&start_time=2019:05:06&end_time=2019:04:29&timeType=6&displayZone=&zoneId=&pppStatus=0&agentName=:Data too long for column 'Money' at row 1
2019-05-06 00:34:16,562 [1092] INFO  BusinessInfoSpider.Utility.AppLog [(null)] - 239/264已处理完成，成功:234，失败:5
2019-05-06 00:34:18,589 [5000] INFO  BusinessInfoSpider.Utility.AppLog [(null)] - 240/264已处理完成，成功:235，失败:5
2019-05-06 00:34:19,260 [6976] INFO  BusinessInfoSpider.Utility.AppLog [(null)] - 241/264已处理完成，成功:236，失败:5
2019-05-06 00:34:24,058 [5000] INFO  BusinessInfoSpider.Utility.AppLog [(null)] - 242/264已处理完成，成功:237，失败:5
2019-05-06 00:34:25,797 [6976] INFO  BusinessInfoSpider.Utility.AppLog [(null)] - 243/264已处理完成，成功:238，失败:5
2019-05-06 00:34:26,407 [5000] INFO  BusinessInfoSpider.Utility.AppLog [(null)] - 244/264已处理完成，成功:239，失败:5
2019-05-06 00:34:26,641 [1092] INFO  BusinessInfoSpider.Utility.AppLog [(null)] - 处理失败http://search.ccgp.gov.cn/bxsearch?searchtype=1&page_index=80&bidSort=0&buyerName=&projectId=&pinMu=0&bidType=1&dbselect=bidx&kw=&start_time=2019:05:06&end_time=2019:04:29&timeType=6&displayZone=&zoneId=&pppStatus=0&agentName=:Data too long for column 'BusinessTitle' at row 1
2019-05-06 00:34:26,641 [1092] INFO  BusinessInfoSpider.Utility.AppLog [(null)] - 245/264已处理完成，成功:239，失败:6
2019-05-06 00:34:27,978 [6976] INFO  BusinessInfoSpider.Utility.AppLog [(null)] - 246/264已处理完成，成功:240，失败:6
2019-05-06 00:34:29,673 [6976] INFO  BusinessInfoSpider.Utility.AppLog [(null)] - 247/264已处理完成，成功:241，失败:6
2019-05-06 00:34:31,778 [6976] INFO  BusinessInfoSpider.Utility.AppLog [(null)] - 248/264已处理完成，成功:242，失败:6
2019-05-06 00:34:33,562 [6976] INFO  BusinessInfoSpider.Utility.AppLog [(null)] - 249/264已处理完成，成功:243，失败:6
2019-05-06 00:34:35,658 [6976] INFO  BusinessInfoSpider.Utility.AppLog [(null)] - 250/264已处理完成，成功:244，失败:6
2019-05-06 00:34:35,705 [1092] INFO  BusinessInfoSpider.Utility.AppLog [(null)] - 251/264已处理完成，成功:245，失败:6
2019-05-06 00:34:37,278 [6976] INFO  BusinessInfoSpider.Utility.AppLog [(null)] - 252/264已处理完成，成功:246，失败:6
2019-05-06 00:34:39,810 [6976] INFO  BusinessInfoSpider.Utility.AppLog [(null)] - 253/264已处理完成，成功:247，失败:6
2019-05-06 00:34:43,420 [6976] INFO  BusinessInfoSpider.Utility.AppLog [(null)] - 254/264已处理完成，成功:248，失败:6
2019-05-06 00:34:45,133 [1092] INFO  BusinessInfoSpider.Utility.AppLog [(null)] - 255/264已处理完成，成功:249，失败:6
2019-05-06 00:34:45,343 [6976] INFO  BusinessInfoSpider.Utility.AppLog [(null)] - 256/264已处理完成，成功:250，失败:6
2019-05-06 00:34:47,238 [6976] INFO  BusinessInfoSpider.Utility.AppLog [(null)] - 257/264已处理完成，成功:251，失败:6
2019-05-06 00:34:47,832 [6976] INFO  BusinessInfoSpider.Utility.AppLog [(null)] - 258/264已处理完成，成功:252，失败:6
2019-05-06 00:34:55,932 [1092] INFO  BusinessInfoSpider.Utility.AppLog [(null)] - 259/264已处理完成，成功:253，失败:6
2019-05-06 00:35:06,314 [1092] INFO  BusinessInfoSpider.Utility.AppLog [(null)] - 260/264已处理完成，成功:254，失败:6
2019-05-06 00:35:17,438 [1092] INFO  BusinessInfoSpider.Utility.AppLog [(null)] - 261/264已处理完成，成功:255，失败:6
2019-05-06 00:35:27,643 [1092] INFO  BusinessInfoSpider.Utility.AppLog [(null)] - 262/264已处理完成，成功:256，失败:6
2019-05-06 00:35:37,400 [1092] INFO  BusinessInfoSpider.Utility.AppLog [(null)] - 263/264已处理完成，成功:257，失败:6
2019-05-06 00:35:46,223 [1092] INFO  BusinessInfoSpider.Utility.AppLog [(null)] - 264/264已处理完成，成功:258，失败:6
